{"/Volumes/T7Shield/Projects/SWEN732PROJ/MSN/app/index.tsx": {"path":"/Volumes/T7Shield/Projects/SWEN732PROJ/MSN/app/index.tsx","statementMap":{"0":{"start":{"line":18,"column":27},"end":{"line":18,"column":39}},"1":{"start":{"line":19,"column":33},"end":{"line":19,"column":45}},"2":{"start":{"line":20,"column":31},"end":{"line":20,"column":46}},"3":{"start":{"line":21,"column":16},"end":{"line":21,"column":27}},"4":{"start":{"line":23,"column":16},"end":{"line":33,"column":2}},"5":{"start":{"line":24,"column":2},"end":{"line":24,"column":19}},"6":{"start":{"line":25,"column":2},"end":{"line":32,"column":3}},"7":{"start":{"line":26,"column":3},"end":{"line":26,"column":60}},"8":{"start":{"line":28,"column":15},"end":{"line":28,"column":33}},"9":{"start":{"line":29,"column":3},"end":{"line":29,"column":43}},"10":{"start":{"line":31,"column":3},"end":{"line":31,"column":30}},"11":{"start":{"line":31,"column":11},"end":{"line":31,"column":28}},"12":{"start":{"line":35,"column":1},"end":{"line":70,"column":3}},"13":{"start":{"line":63,"column":61},"end":{"line":63,"column":83}},"14":{"start":{"line":73,"column":15},"end":{"line":108,"column":2}}},"fnMap":{"0":{"name":"Index","decl":{"start":{"line":17,"column":24},"end":{"line":17,"column":29}},"loc":{"start":{"line":17,"column":32},"end":{"line":71,"column":1}},"line":17},"1":{"name":"(anonymous_1)","decl":{"start":{"line":23,"column":16},"end":{"line":23,"column":17}},"loc":{"start":{"line":23,"column":28},"end":{"line":33,"column":2}},"line":23},"2":{"name":"(anonymous_2)","decl":{"start":{"line":31,"column":7},"end":{"line":31,"column":8}},"loc":{"start":{"line":31,"column":11},"end":{"line":31,"column":28}},"line":31},"3":{"name":"(anonymous_3)","decl":{"start":{"line":63,"column":55},"end":{"line":63,"column":56}},"loc":{"start":{"line":63,"column":61},"end":{"line":63,"column":83}},"line":63}},"branchMap":{"0":{"loc":{"start":{"line":56,"column":5},"end":{"line":67,"column":5}},"type":"cond-expr","locations":[{"start":{"line":57,"column":5},"end":{"line":57,"column":64}},{"start":{"line":59,"column":5},"end":{"line":66,"column":8}}],"line":56}},"s":{"0":11,"1":11,"2":11,"3":11,"4":11,"5":2,"6":2,"7":2,"8":0,"9":0,"10":2,"11":2,"12":11,"13":0,"14":1},"f":{"0":11,"1":2,"2":2,"3":0},"b":{"0":[2,9]},"_coverageSchema":"1a1c01bbd47fc00a2c39e90264f33305004495a9","hash":"e1d32c05345dd3ec16b630f3d7c7a1947354b017"}
}
