{"/Volumes/T7Shield/Projects/SWEN732PROJ/MSN/app/creategroup.tsx": {"path":"/Volumes/T7Shield/Projects/SWEN732PROJ/MSN/app/creategroup.tsx","statementMap":{"0":{"start":{"line":11,"column":25},"end":{"line":126,"column":1}},"1":{"start":{"line":12,"column":36},"end":{"line":12,"column":48}},"2":{"start":{"line":13,"column":42},"end":{"line":13,"column":71}},"3":{"start":{"line":14,"column":28},"end":{"line":14,"column":57}},"4":{"start":{"line":15,"column":42},"end":{"line":15,"column":71}},"5":{"start":{"line":16,"column":15},"end":{"line":16,"column":32}},"6":{"start":{"line":17,"column":17},"end":{"line":17,"column":28}},"7":{"start":{"line":19,"column":21},"end":{"line":24,"column":3}},"8":{"start":{"line":26,"column":26},"end":{"line":31,"column":3}},"9":{"start":{"line":27,"column":19},"end":{"line":27,"column":127}},"10":{"start":{"line":28,"column":4},"end":{"line":30,"column":5}},"11":{"start":{"line":29,"column":6},"end":{"line":29,"column":37}},"12":{"start":{"line":33,"column":28},"end":{"line":63,"column":3}},"13":{"start":{"line":34,"column":4},"end":{"line":37,"column":5}},"14":{"start":{"line":35,"column":6},"end":{"line":35,"column":68}},"15":{"start":{"line":36,"column":6},"end":{"line":36,"column":13}},"16":{"start":{"line":39,"column":4},"end":{"line":62,"column":5}},"17":{"start":{"line":40,"column":23},"end":{"line":40,"column":55}},"18":{"start":{"line":41,"column":23},"end":{"line":48,"column":8}},"19":{"start":{"line":51,"column":6},"end":{"line":55,"column":8}},"20":{"start":{"line":57,"column":6},"end":{"line":57,"column":28}},"21":{"start":{"line":58,"column":6},"end":{"line":58,"column":30}},"22":{"start":{"line":59,"column":6},"end":{"line":59,"column":20}},"23":{"start":{"line":61,"column":6},"end":{"line":61,"column":64}},"24":{"start":{"line":65,"column":2},"end":{"line":125,"column":4}},"25":{"start":{"line":69,"column":41},"end":{"line":69,"column":54}},"26":{"start":{"line":110,"column":10},"end":{"line":121,"column":29}},"27":{"start":{"line":117,"column":27},"end":{"line":117,"column":53}},"28":{"start":{"line":128,"column":15},"end":{"line":210,"column":2}}},"fnMap":{"0":{"name":"(anonymous_0)","decl":{"start":{"line":11,"column":25},"end":{"line":11,"column":26}},"loc":{"start":{"line":11,"column":31},"end":{"line":126,"column":1}},"line":11},"1":{"name":"(anonymous_1)","decl":{"start":{"line":26,"column":26},"end":{"line":26,"column":27}},"loc":{"start":{"line":26,"column":38},"end":{"line":31,"column":3}},"line":26},"2":{"name":"(anonymous_2)","decl":{"start":{"line":33,"column":28},"end":{"line":33,"column":29}},"loc":{"start":{"line":33,"column":40},"end":{"line":63,"column":3}},"line":33},"3":{"name":"(anonymous_3)","decl":{"start":{"line":69,"column":35},"end":{"line":69,"column":36}},"loc":{"start":{"line":69,"column":41},"end":{"line":69,"column":54}},"line":69},"4":{"name":"(anonymous_4)","decl":{"start":{"line":109,"column":24},"end":{"line":109,"column":25}},"loc":{"start":{"line":110,"column":10},"end":{"line":121,"column":29}},"line":110},"5":{"name":"(anonymous_5)","decl":{"start":{"line":117,"column":21},"end":{"line":117,"column":22}},"loc":{"start":{"line":117,"column":27},"end":{"line":117,"column":53}},"line":117}},"branchMap":{"0":{"loc":{"start":{"line":28,"column":4},"end":{"line":30,"column":5}},"type":"if","locations":[{"start":{"line":28,"column":4},"end":{"line":30,"column":5}},{"start":{},"end":{}}],"line":28},"1":{"loc":{"start":{"line":28,"column":8},"end":{"line":28,"column":51}},"type":"binary-expr","locations":[{"start":{"line":28,"column":8},"end":{"line":28,"column":24}},{"start":{"line":28,"column":28},"end":{"line":28,"column":51}}],"line":28},"2":{"loc":{"start":{"line":34,"column":4},"end":{"line":37,"column":5}},"type":"if","locations":[{"start":{"line":34,"column":4},"end":{"line":37,"column":5}},{"start":{},"end":{}}],"line":34},"3":{"loc":{"start":{"line":34,"column":8},"end":{"line":34,"column":35}},"type":"binary-expr","locations":[{"start":{"line":34,"column":8},"end":{"line":34,"column":18}},{"start":{"line":34,"column":22},"end":{"line":34,"column":35}}],"line":34},"4":{"loc":{"start":{"line":54,"column":9},"end":{"line":54,"column":36}},"type":"binary-expr","locations":[{"start":{"line":54,"column":9},"end":{"line":54,"column":30}},{"start":{"line":54,"column":34},"end":{"line":54,"column":36}}],"line":54},"5":{"loc":{"start":{"line":79,"column":7},"end":{"line":83,"column":7}},"type":"binary-expr","locations":[{"start":{"line":79,"column":7},"end":{"line":79,"column":19}},{"start":{"line":80,"column":8},"end":{"line":82,"column":15}}],"line":79},"6":{"loc":{"start":{"line":88,"column":9},"end":{"line":92,"column":9}},"type":"cond-expr","locations":[{"start":{"line":89,"column":10},"end":{"line":89,"column":69}},{"start":{"line":91,"column":10},"end":{"line":91,"column":67}}],"line":88},"7":{"loc":{"start":{"line":115,"column":14},"end":{"line":115,"column":63}},"type":"binary-expr","locations":[{"start":{"line":115,"column":14},"end":{"line":115,"column":40}},{"start":{"line":115,"column":44},"end":{"line":115,"column":63}}],"line":115}},"s":{"0":1,"1":9,"2":9,"3":9,"4":9,"5":9,"6":9,"7":9,"8":9,"9":0,"10":0,"11":0,"12":9,"13":2,"14":1,"15":1,"16":1,"17":1,"18":1,"19":0,"20":0,"21":0,"22":0,"23":1,"24":9,"25":1,"26":27,"27":1,"28":1},"f":{"0":9,"1":0,"2":2,"3":1,"4":27,"5":1},"b":{"0":[0,0],"1":[0,0],"2":[1,1],"3":[2,2],"4":[0,0],"5":[9,2],"6":[0,9],"7":[27,2]},"_coverageSchema":"1a1c01bbd47fc00a2c39e90264f33305004495a9","hash":"4753b071ba5a5b945017a2d1973911dc562e8e8a"}
,"/Volumes/T7Shield/Projects/SWEN732PROJ/MSN/app/index.tsx": {"path":"/Volumes/T7Shield/Projects/SWEN732PROJ/MSN/app/index.tsx","statementMap":{"0":{"start":{"line":19,"column":27},"end":{"line":19,"column":39}},"1":{"start":{"line":20,"column":33},"end":{"line":20,"column":45}},"2":{"start":{"line":21,"column":31},"end":{"line":21,"column":46}},"3":{"start":{"line":22,"column":16},"end":{"line":22,"column":27}},"4":{"start":{"line":24,"column":1},"end":{"line":33,"column":7}},"5":{"start":{"line":25,"column":22},"end":{"line":29,"column":4}},"6":{"start":{"line":26,"column":3},"end":{"line":28,"column":4}},"7":{"start":{"line":27,"column":4},"end":{"line":27,"column":34}},"8":{"start":{"line":31,"column":2},"end":{"line":31,"column":29}},"9":{"start":{"line":31,"column":15},"end":{"line":31,"column":28}},"10":{"start":{"line":35,"column":16},"end":{"line":45,"column":2}},"11":{"start":{"line":36,"column":2},"end":{"line":36,"column":19}},"12":{"start":{"line":37,"column":2},"end":{"line":44,"column":3}},"13":{"start":{"line":38,"column":3},"end":{"line":38,"column":60}},"14":{"start":{"line":39,"column":3},"end":{"line":39,"column":33}},"15":{"start":{"line":43,"column":3},"end":{"line":43,"column":21}},"16":{"start":{"line":47,"column":1},"end":{"line":82,"column":3}},"17":{"start":{"line":75,"column":61},"end":{"line":75,"column":83}},"18":{"start":{"line":85,"column":15},"end":{"line":120,"column":2}}},"fnMap":{"0":{"name":"Index","decl":{"start":{"line":18,"column":24},"end":{"line":18,"column":29}},"loc":{"start":{"line":18,"column":32},"end":{"line":83,"column":1}},"line":18},"1":{"name":"(anonymous_1)","decl":{"start":{"line":24,"column":11},"end":{"line":24,"column":12}},"loc":{"start":{"line":24,"column":17},"end":{"line":32,"column":2}},"line":24},"2":{"name":"(anonymous_2)","decl":{"start":{"line":25,"column":48},"end":{"line":25,"column":49}},"loc":{"start":{"line":25,"column":56},"end":{"line":29,"column":3}},"line":25},"3":{"name":"(anonymous_3)","decl":{"start":{"line":31,"column":9},"end":{"line":31,"column":10}},"loc":{"start":{"line":31,"column":15},"end":{"line":31,"column":28}},"line":31},"4":{"name":"(anonymous_4)","decl":{"start":{"line":35,"column":16},"end":{"line":35,"column":17}},"loc":{"start":{"line":35,"column":28},"end":{"line":45,"column":2}},"line":35},"5":{"name":"(anonymous_5)","decl":{"start":{"line":75,"column":55},"end":{"line":75,"column":56}},"loc":{"start":{"line":75,"column":61},"end":{"line":75,"column":83}},"line":75}},"branchMap":{"0":{"loc":{"start":{"line":26,"column":3},"end":{"line":28,"column":4}},"type":"if","locations":[{"start":{"line":26,"column":3},"end":{"line":28,"column":4}},{"start":{},"end":{}}],"line":26},"1":{"loc":{"start":{"line":68,"column":5},"end":{"line":79,"column":5}},"type":"cond-expr","locations":[{"start":{"line":69,"column":5},"end":{"line":69,"column":64}},{"start":{"line":71,"column":5},"end":{"line":78,"column":8}}],"line":68}},"s":{"0":12,"1":11,"2":11,"3":11,"4":11,"5":3,"6":0,"7":0,"8":3,"9":3,"10":11,"11":2,"12":2,"13":2,"14":2,"15":2,"16":11,"17":0,"18":1},"f":{"0":12,"1":3,"2":0,"3":3,"4":2,"5":0},"b":{"0":[0,0],"1":[2,9]},"_coverageSchema":"1a1c01bbd47fc00a2c39e90264f33305004495a9","hash":"2ac6f7ce759d4ae001ad862126171c12150af2ba"}
,"/Volumes/T7Shield/Projects/SWEN732PROJ/MSN/app/profilesettings.tsx": {"path":"/Volumes/T7Shield/Projects/SWEN732PROJ/MSN/app/profilesettings.tsx","statementMap":{"0":{"start":{"line":7,"column":34},"end":{"line":136,"column":1}},"1":{"start":{"line":8,"column":17},"end":{"line":8,"column":35}},"2":{"start":{"line":9,"column":36},"end":{"line":9,"column":55}},"3":{"start":{"line":10,"column":34},"end":{"line":10,"column":48}},"4":{"start":{"line":11,"column":30},"end":{"line":11,"column":59}},"5":{"start":{"line":12,"column":27},"end":{"line":12,"column":47}},"6":{"start":{"line":13,"column":29},"end":{"line":13,"column":49}},"7":{"start":{"line":14,"column":4},"end":{"line":35,"column":15}},"8":{"start":{"line":15,"column":30},"end":{"line":32,"column":9}},"9":{"start":{"line":16,"column":12},"end":{"line":31,"column":13}},"10":{"start":{"line":17,"column":16},"end":{"line":28,"column":17}},"11":{"start":{"line":18,"column":36},"end":{"line":18,"column":93}},"12":{"start":{"line":19,"column":20},"end":{"line":23,"column":21}},"13":{"start":{"line":20,"column":24},"end":{"line":20,"column":52}},"14":{"start":{"line":22,"column":24},"end":{"line":22,"column":56}},"15":{"start":{"line":25,"column":20},"end":{"line":25,"column":58}},"16":{"start":{"line":27,"column":20},"end":{"line":27,"column":38}},"17":{"start":{"line":30,"column":16},"end":{"line":30,"column":34}},"18":{"start":{"line":34,"column":8},"end":{"line":34,"column":24}},"19":{"start":{"line":37,"column":4},"end":{"line":56,"column":13}},"20":{"start":{"line":38,"column":30},"end":{"line":53,"column":9}},"21":{"start":{"line":39,"column":10},"end":{"line":52,"column":11}},"22":{"start":{"line":40,"column":24},"end":{"line":40,"column":96}},"23":{"start":{"line":41,"column":12},"end":{"line":47,"column":13}},"24":{"start":{"line":42,"column":27},"end":{"line":42,"column":37}},"25":{"start":{"line":43,"column":14},"end":{"line":43,"column":40}},"26":{"start":{"line":44,"column":14},"end":{"line":44,"column":42}},"27":{"start":{"line":46,"column":14},"end":{"line":46,"column":41}},"28":{"start":{"line":49,"column":12},"end":{"line":49,"column":50}},"29":{"start":{"line":51,"column":12},"end":{"line":51,"column":30}},"30":{"start":{"line":55,"column":8},"end":{"line":55,"column":24}},"31":{"start":{"line":57,"column":25},"end":{"line":73,"column":5}},"32":{"start":{"line":58,"column":8},"end":{"line":72,"column":9}},"33":{"start":{"line":59,"column":12},"end":{"line":71,"column":13}},"34":{"start":{"line":60,"column":16},"end":{"line":63,"column":21}},"35":{"start":{"line":65,"column":16},"end":{"line":67,"column":19}},"36":{"start":{"line":68,"column":16},"end":{"line":68,"column":60}},"37":{"start":{"line":70,"column":16},"end":{"line":70,"column":53}},"38":{"start":{"line":75,"column":25},"end":{"line":80,"column":5}},"39":{"start":{"line":76,"column":8},"end":{"line":79,"column":12}},"40":{"start":{"line":76,"column":40},"end":{"line":79,"column":9}},"41":{"start":{"line":82,"column":4},"end":{"line":88,"column":5}},"42":{"start":{"line":83,"column":8},"end":{"line":87,"column":10}},"43":{"start":{"line":90,"column":4},"end":{"line":98,"column":5}},"44":{"start":{"line":91,"column":8},"end":{"line":97,"column":10}},"45":{"start":{"line":100,"column":4},"end":{"line":135,"column":6}},"46":{"start":{"line":110,"column":48},"end":{"line":110,"column":74}},"47":{"start":{"line":119,"column":48},"end":{"line":119,"column":75}},"48":{"start":{"line":138,"column":15},"end":{"line":164,"column":2}}},"fnMap":{"0":{"name":"(anonymous_0)","decl":{"start":{"line":7,"column":34},"end":{"line":7,"column":35}},"loc":{"start":{"line":7,"column":40},"end":{"line":136,"column":1}},"line":7},"1":{"name":"(anonymous_1)","decl":{"start":{"line":14,"column":14},"end":{"line":14,"column":15}},"loc":{"start":{"line":14,"column":20},"end":{"line":35,"column":5}},"line":14},"2":{"name":"(anonymous_2)","decl":{"start":{"line":15,"column":30},"end":{"line":15,"column":31}},"loc":{"start":{"line":15,"column":42},"end":{"line":32,"column":9}},"line":15},"3":{"name":"(anonymous_3)","decl":{"start":{"line":37,"column":14},"end":{"line":37,"column":15}},"loc":{"start":{"line":37,"column":20},"end":{"line":56,"column":7}},"line":37},"4":{"name":"(anonymous_4)","decl":{"start":{"line":38,"column":30},"end":{"line":38,"column":31}},"loc":{"start":{"line":38,"column":42},"end":{"line":53,"column":9}},"line":38},"5":{"name":"(anonymous_5)","decl":{"start":{"line":57,"column":25},"end":{"line":57,"column":26}},"loc":{"start":{"line":57,"column":37},"end":{"line":73,"column":5}},"line":57},"6":{"name":"(anonymous_6)","decl":{"start":{"line":75,"column":25},"end":{"line":75,"column":26}},"loc":{"start":{"line":75,"column":58},"end":{"line":80,"column":5}},"line":75},"7":{"name":"(anonymous_7)","decl":{"start":{"line":76,"column":20},"end":{"line":76,"column":21}},"loc":{"start":{"line":76,"column":40},"end":{"line":79,"column":9}},"line":76},"8":{"name":"(anonymous_8)","decl":{"start":{"line":110,"column":38},"end":{"line":110,"column":39}},"loc":{"start":{"line":110,"column":48},"end":{"line":110,"column":74}},"line":110},"9":{"name":"(anonymous_9)","decl":{"start":{"line":119,"column":38},"end":{"line":119,"column":39}},"loc":{"start":{"line":119,"column":48},"end":{"line":119,"column":75}},"line":119}},"branchMap":{"0":{"loc":{"start":{"line":16,"column":12},"end":{"line":31,"column":13}},"type":"if","locations":[{"start":{"line":16,"column":12},"end":{"line":31,"column":13}},{"start":{"line":29,"column":19},"end":{"line":31,"column":13}}],"line":16},"1":{"loc":{"start":{"line":19,"column":20},"end":{"line":23,"column":21}},"type":"if","locations":[{"start":{"line":19,"column":20},"end":{"line":23,"column":21}},{"start":{"line":21,"column":27},"end":{"line":23,"column":21}}],"line":19},"2":{"loc":{"start":{"line":41,"column":12},"end":{"line":47,"column":13}},"type":"if","locations":[{"start":{"line":41,"column":12},"end":{"line":47,"column":13}},{"start":{"line":45,"column":19},"end":{"line":47,"column":13}}],"line":41},"3":{"loc":{"start":{"line":43,"column":22},"end":{"line":43,"column":38}},"type":"binary-expr","locations":[{"start":{"line":43,"column":22},"end":{"line":43,"column":32}},{"start":{"line":43,"column":36},"end":{"line":43,"column":38}}],"line":43},"4":{"loc":{"start":{"line":44,"column":23},"end":{"line":44,"column":40}},"type":"binary-expr","locations":[{"start":{"line":44,"column":23},"end":{"line":44,"column":34}},{"start":{"line":44,"column":38},"end":{"line":44,"column":40}}],"line":44},"5":{"loc":{"start":{"line":58,"column":8},"end":{"line":72,"column":9}},"type":"if","locations":[{"start":{"line":58,"column":8},"end":{"line":72,"column":9}},{"start":{},"end":{}}],"line":58},"6":{"loc":{"start":{"line":82,"column":4},"end":{"line":88,"column":5}},"type":"if","locations":[{"start":{"line":82,"column":4},"end":{"line":88,"column":5}},{"start":{},"end":{}}],"line":82},"7":{"loc":{"start":{"line":90,"column":4},"end":{"line":98,"column":5}},"type":"if","locations":[{"start":{"line":90,"column":4},"end":{"line":98,"column":5}},{"start":{},"end":{}}],"line":90},"8":{"loc":{"start":{"line":109,"column":31},"end":{"line":109,"column":51}},"type":"binary-expr","locations":[{"start":{"line":109,"column":31},"end":{"line":109,"column":45}},{"start":{"line":109,"column":49},"end":{"line":109,"column":51}}],"line":109},"9":{"loc":{"start":{"line":118,"column":31},"end":{"line":118,"column":52}},"type":"binary-expr","locations":[{"start":{"line":118,"column":31},"end":{"line":118,"column":46}},{"start":{"line":118,"column":50},"end":{"line":118,"column":52}}],"line":118}},"s":{"0":1,"1":472,"2":472,"3":471,"4":471,"5":471,"6":471,"7":471,"8":471,"9":471,"10":471,"11":471,"12":471,"13":471,"14":0,"15":0,"16":471,"17":0,"18":471,"19":471,"20":4,"21":4,"22":4,"23":4,"24":4,"25":4,"26":4,"27":0,"28":0,"29":4,"30":4,"31":471,"32":1,"33":1,"34":1,"35":1,"36":0,"37":1,"38":471,"39":1,"40":1,"41":471,"42":4,"43":467,"44":429,"45":38,"46":1,"47":0,"48":1},"f":{"0":472,"1":471,"2":471,"3":4,"4":4,"5":1,"6":1,"7":1,"8":1,"9":0},"b":{"0":[471,0],"1":[471,0],"2":[4,0],"3":[4,0],"4":[4,0],"5":[1,0],"6":[4,467],"7":[429,38],"8":[38,0],"9":[38,0]},"_coverageSchema":"1a1c01bbd47fc00a2c39e90264f33305004495a9","hash":"d3bfdbff8e23742a4d293e9449c108b9de12b3e6"}
,"/Volumes/T7Shield/Projects/SWEN732PROJ/MSN/app/signup.tsx": {"path":"/Volumes/T7Shield/Projects/SWEN732PROJ/MSN/app/signup.tsx","statementMap":{"0":{"start":{"line":8,"column":25},"end":{"line":108,"column":1}},"1":{"start":{"line":9,"column":33},"end":{"line":9,"column":45}},"2":{"start":{"line":10,"column":27},"end":{"line":10,"column":39}},"3":{"start":{"line":11,"column":39},"end":{"line":11,"column":51}},"4":{"start":{"line":12,"column":33},"end":{"line":12,"column":45}},"5":{"start":{"line":13,"column":47},"end":{"line":13,"column":59}},"6":{"start":{"line":14,"column":31},"end":{"line":14,"column":46}},"7":{"start":{"line":15,"column":27},"end":{"line":15,"column":56}},"8":{"start":{"line":16,"column":16},"end":{"line":16,"column":27}},"9":{"start":{"line":19,"column":22},"end":{"line":53,"column":2}},"10":{"start":{"line":20,"column":2},"end":{"line":20,"column":40}},"11":{"start":{"line":22,"column":2},"end":{"line":26,"column":3}},"12":{"start":{"line":23,"column":3},"end":{"line":23,"column":43}},"13":{"start":{"line":24,"column":4},"end":{"line":24,"column":39}},"14":{"start":{"line":25,"column":3},"end":{"line":25,"column":10}},"15":{"start":{"line":28,"column":2},"end":{"line":28,"column":19}},"16":{"start":{"line":29,"column":2},"end":{"line":52,"column":3}},"17":{"start":{"line":30,"column":3},"end":{"line":30,"column":46}},"18":{"start":{"line":31,"column":26},"end":{"line":31,"column":86}},"19":{"start":{"line":32,"column":3},"end":{"line":32,"column":59}},"20":{"start":{"line":34,"column":16},"end":{"line":34,"column":35}},"21":{"start":{"line":35,"column":3},"end":{"line":35,"column":55}},"22":{"start":{"line":36,"column":3},"end":{"line":44,"column":6}},"23":{"start":{"line":45,"column":3},"end":{"line":45,"column":19}},"24":{"start":{"line":46,"column":3},"end":{"line":46,"column":44}},"25":{"start":{"line":48,"column":3},"end":{"line":48,"column":39}},"26":{"start":{"line":49,"column":3},"end":{"line":49,"column":49}},"27":{"start":{"line":51,"column":3},"end":{"line":51,"column":21}},"28":{"start":{"line":57,"column":1},"end":{"line":107,"column":3}},"29":{"start":{"line":110,"column":15},"end":{"line":138,"column":2}}},"fnMap":{"0":{"name":"(anonymous_0)","decl":{"start":{"line":8,"column":25},"end":{"line":8,"column":26}},"loc":{"start":{"line":8,"column":31},"end":{"line":108,"column":1}},"line":8},"1":{"name":"(anonymous_1)","decl":{"start":{"line":19,"column":22},"end":{"line":19,"column":23}},"loc":{"start":{"line":19,"column":34},"end":{"line":53,"column":2}},"line":19}},"branchMap":{"0":{"loc":{"start":{"line":22,"column":2},"end":{"line":26,"column":3}},"type":"if","locations":[{"start":{"line":22,"column":2},"end":{"line":26,"column":3}},{"start":{},"end":{}}],"line":22},"1":{"loc":{"start":{"line":102,"column":4},"end":{"line":102,"column":81}},"type":"binary-expr","locations":[{"start":{"line":102,"column":4},"end":{"line":102,"column":9}},{"start":{"line":102,"column":13},"end":{"line":102,"column":81}}],"line":102},"2":{"loc":{"start":{"line":104,"column":18},"end":{"line":104,"column":54}},"type":"cond-expr","locations":[{"start":{"line":104,"column":28},"end":{"line":104,"column":43}},{"start":{"line":104,"column":46},"end":{"line":104,"column":54}}],"line":104},"3":{"loc":{"start":{"line":105,"column":4},"end":{"line":105,"column":75}},"type":"binary-expr","locations":[{"start":{"line":105,"column":4},"end":{"line":105,"column":11}},{"start":{"line":105,"column":15},"end":{"line":105,"column":75}}],"line":105}},"s":{"0":1,"1":16,"2":16,"3":16,"4":16,"5":16,"6":16,"7":16,"8":16,"9":16,"10":2,"11":2,"12":1,"13":1,"14":1,"15":1,"16":1,"17":1,"18":1,"19":1,"20":1,"21":1,"22":1,"23":1,"24":0,"25":1,"26":1,"27":1,"28":16,"29":1},"f":{"0":16,"1":2},"b":{"0":[1,1],"1":[16,2],"2":[1,15],"3":[16,1]},"_coverageSchema":"1a1c01bbd47fc00a2c39e90264f33305004495a9","hash":"c58e77f8d5b252baee04e0b288cc3db048e7e87f"}
,"/Volumes/T7Shield/Projects/SWEN732PROJ/MSN/app/splitOptions.tsx": {"path":"/Volumes/T7Shield/Projects/SWEN732PROJ/MSN/app/splitOptions.tsx","statementMap":{"0":{"start":{"line":5,"column":21},"end":{"line":154,"column":1}},"1":{"start":{"line":6,"column":17},"end":{"line":6,"column":28}},"2":{"start":{"line":7,"column":69},"end":{"line":7,"column":91}},"3":{"start":{"line":8,"column":18},"end":{"line":8,"column":90}},"4":{"start":{"line":9,"column":36},"end":{"line":9,"column":83}},"5":{"start":{"line":10,"column":30},"end":{"line":17,"column":3}},"6":{"start":{"line":11,"column":59},"end":{"line":16,"column":5}},"7":{"start":{"line":19,"column":2},"end":{"line":46,"column":40}},"8":{"start":{"line":20,"column":4},"end":{"line":45,"column":5}},"9":{"start":{"line":22,"column":6},"end":{"line":29,"column":8}},"10":{"start":{"line":23,"column":63},"end":{"line":28,"column":9}},"11":{"start":{"line":30,"column":11},"end":{"line":45,"column":5}},"12":{"start":{"line":32,"column":28},"end":{"line":32,"column":80}},"13":{"start":{"line":32,"column":55},"end":{"line":32,"column":78}},"14":{"start":{"line":33,"column":25},"end":{"line":33,"column":77}},"15":{"start":{"line":33,"column":62},"end":{"line":33,"column":73}},"16":{"start":{"line":34,"column":6},"end":{"line":41,"column":8}},"17":{"start":{"line":35,"column":70},"end":{"line":40,"column":9}},"18":{"start":{"line":42,"column":11},"end":{"line":45,"column":5}},"19":{"start":{"line":44,"column":6},"end":{"line":44,"column":132}},"20":{"start":{"line":44,"column":71},"end":{"line":44,"column":128}},"21":{"start":{"line":48,"column":28},"end":{"line":59,"column":3}},"22":{"start":{"line":49,"column":26},"end":{"line":51,"column":5}},"23":{"start":{"line":50,"column":6},"end":{"line":50,"column":78}},"24":{"start":{"line":52,"column":23},"end":{"line":52,"column":81}},"25":{"start":{"line":52,"column":60},"end":{"line":52,"column":77}},"26":{"start":{"line":53,"column":4},"end":{"line":58,"column":6}},"27":{"start":{"line":54,"column":36},"end":{"line":57,"column":7}},"28":{"start":{"line":61,"column":34},"end":{"line":78,"column":3}},"29":{"start":{"line":62,"column":26},"end":{"line":64,"column":5}},"30":{"start":{"line":63,"column":6},"end":{"line":63,"column":75}},"31":{"start":{"line":65,"column":24},"end":{"line":65,"column":101}},"32":{"start":{"line":65,"column":61},"end":{"line":65,"column":97}},"33":{"start":{"line":66,"column":28},"end":{"line":66,"column":65}},"34":{"start":{"line":67,"column":28},"end":{"line":67,"column":76}},"35":{"start":{"line":67,"column":60},"end":{"line":67,"column":75}},"36":{"start":{"line":68,"column":4},"end":{"line":77,"column":5}},"37":{"start":{"line":69,"column":30},"end":{"line":69,"column":83}},"38":{"start":{"line":70,"column":6},"end":{"line":74,"column":8}},"39":{"start":{"line":72,"column":10},"end":{"line":72,"column":72}},"40":{"start":{"line":76,"column":6},"end":{"line":76,"column":31}},"41":{"start":{"line":80,"column":27},"end":{"line":98,"column":3}},"42":{"start":{"line":81,"column":23},"end":{"line":81,"column":93}},"43":{"start":{"line":81,"column":53},"end":{"line":81,"column":89}},"44":{"start":{"line":82,"column":4},"end":{"line":85,"column":5}},"45":{"start":{"line":83,"column":6},"end":{"line":83,"column":90}},"46":{"start":{"line":84,"column":6},"end":{"line":84,"column":13}},"47":{"start":{"line":88,"column":4},"end":{"line":97,"column":7}},"48":{"start":{"line":100,"column":2},"end":{"line":153,"column":4}},"49":{"start":{"line":106,"column":25},"end":{"line":106,"column":46}},"50":{"start":{"line":112,"column":25},"end":{"line":112,"column":46}},"51":{"start":{"line":118,"column":25},"end":{"line":118,"column":47}},"52":{"start":{"line":125,"column":8},"end":{"line":146,"column":15}},"53":{"start":{"line":132,"column":39},"end":{"line":132,"column":73}},"54":{"start":{"line":140,"column":16},"end":{"line":142,"column":54}},"55":{"start":{"line":156,"column":15},"end":{"line":217,"column":2}}},"fnMap":{"0":{"name":"(anonymous_0)","decl":{"start":{"line":5,"column":21},"end":{"line":5,"column":22}},"loc":{"start":{"line":5,"column":27},"end":{"line":154,"column":1}},"line":5},"1":{"name":"(anonymous_1)","decl":{"start":{"line":11,"column":16},"end":{"line":11,"column":17}},"loc":{"start":{"line":11,"column":59},"end":{"line":16,"column":5}},"line":11},"2":{"name":"(anonymous_2)","decl":{"start":{"line":19,"column":12},"end":{"line":19,"column":13}},"loc":{"start":{"line":19,"column":18},"end":{"line":46,"column":3}},"line":19},"3":{"name":"(anonymous_3)","decl":{"start":{"line":23,"column":20},"end":{"line":23,"column":21}},"loc":{"start":{"line":23,"column":63},"end":{"line":28,"column":9}},"line":23},"4":{"name":"(anonymous_4)","decl":{"start":{"line":32,"column":40},"end":{"line":32,"column":41}},"loc":{"start":{"line":32,"column":55},"end":{"line":32,"column":78}},"line":32},"5":{"name":"(anonymous_5)","decl":{"start":{"line":33,"column":46},"end":{"line":33,"column":47}},"loc":{"start":{"line":33,"column":62},"end":{"line":33,"column":73}},"line":33},"6":{"name":"(anonymous_6)","decl":{"start":{"line":35,"column":20},"end":{"line":35,"column":21}},"loc":{"start":{"line":35,"column":70},"end":{"line":40,"column":9}},"line":35},"7":{"name":"(anonymous_7)","decl":{"start":{"line":44,"column":28},"end":{"line":44,"column":29}},"loc":{"start":{"line":44,"column":71},"end":{"line":44,"column":128}},"line":44},"8":{"name":"(anonymous_8)","decl":{"start":{"line":48,"column":28},"end":{"line":48,"column":29}},"loc":{"start":{"line":48,"column":62},"end":{"line":59,"column":3}},"line":48},"9":{"name":"(anonymous_9)","decl":{"start":{"line":49,"column":37},"end":{"line":49,"column":38}},"loc":{"start":{"line":50,"column":6},"end":{"line":50,"column":78}},"line":50},"10":{"name":"(anonymous_10)","decl":{"start":{"line":52,"column":44},"end":{"line":52,"column":45}},"loc":{"start":{"line":52,"column":60},"end":{"line":52,"column":77}},"line":52},"11":{"name":"(anonymous_11)","decl":{"start":{"line":54,"column":24},"end":{"line":54,"column":25}},"loc":{"start":{"line":54,"column":36},"end":{"line":57,"column":7}},"line":54},"12":{"name":"(anonymous_12)","decl":{"start":{"line":61,"column":34},"end":{"line":61,"column":35}},"loc":{"start":{"line":61,"column":65},"end":{"line":78,"column":3}},"line":61},"13":{"name":"(anonymous_13)","decl":{"start":{"line":62,"column":37},"end":{"line":62,"column":38}},"loc":{"start":{"line":63,"column":6},"end":{"line":63,"column":75}},"line":63},"14":{"name":"(anonymous_14)","decl":{"start":{"line":65,"column":45},"end":{"line":65,"column":46}},"loc":{"start":{"line":65,"column":61},"end":{"line":65,"column":97}},"line":65},"15":{"name":"(anonymous_15)","decl":{"start":{"line":67,"column":49},"end":{"line":67,"column":50}},"loc":{"start":{"line":67,"column":60},"end":{"line":67,"column":75}},"line":67},"16":{"name":"(anonymous_16)","decl":{"start":{"line":71,"column":26},"end":{"line":71,"column":27}},"loc":{"start":{"line":72,"column":10},"end":{"line":72,"column":72}},"line":72},"17":{"name":"(anonymous_17)","decl":{"start":{"line":80,"column":27},"end":{"line":80,"column":28}},"loc":{"start":{"line":80,"column":33},"end":{"line":98,"column":3}},"line":80},"18":{"name":"(anonymous_18)","decl":{"start":{"line":81,"column":37},"end":{"line":81,"column":38}},"loc":{"start":{"line":81,"column":53},"end":{"line":81,"column":89}},"line":81},"19":{"name":"(anonymous_19)","decl":{"start":{"line":106,"column":19},"end":{"line":106,"column":20}},"loc":{"start":{"line":106,"column":25},"end":{"line":106,"column":46}},"line":106},"20":{"name":"(anonymous_20)","decl":{"start":{"line":112,"column":19},"end":{"line":112,"column":20}},"loc":{"start":{"line":112,"column":25},"end":{"line":112,"column":46}},"line":112},"21":{"name":"(anonymous_21)","decl":{"start":{"line":118,"column":19},"end":{"line":118,"column":20}},"loc":{"start":{"line":118,"column":25},"end":{"line":118,"column":47}},"line":118},"22":{"name":"(anonymous_22)","decl":{"start":{"line":124,"column":18},"end":{"line":124,"column":19}},"loc":{"start":{"line":125,"column":8},"end":{"line":146,"column":15}},"line":125},"23":{"name":"(anonymous_23)","decl":{"start":{"line":132,"column":28},"end":{"line":132,"column":29}},"loc":{"start":{"line":132,"column":39},"end":{"line":132,"column":73}},"line":132},"24":{"name":"(anonymous_24)","decl":{"start":{"line":139,"column":28},"end":{"line":139,"column":29}},"loc":{"start":{"line":140,"column":16},"end":{"line":142,"column":54}},"line":140}},"branchMap":{"0":{"loc":{"start":{"line":8,"column":29},"end":{"line":8,"column":89}},"type":"cond-expr","locations":[{"start":{"line":8,"column":67},"end":{"line":8,"column":82}},{"start":{"line":8,"column":85},"end":{"line":8,"column":89}}],"line":8},"1":{"loc":{"start":{"line":20,"column":4},"end":{"line":45,"column":5}},"type":"if","locations":[{"start":{"line":20,"column":4},"end":{"line":45,"column":5}},{"start":{"line":30,"column":11},"end":{"line":45,"column":5}}],"line":20},"2":{"loc":{"start":{"line":30,"column":11},"end":{"line":45,"column":5}},"type":"if","locations":[{"start":{"line":30,"column":11},"end":{"line":45,"column":5}},{"start":{"line":42,"column":11},"end":{"line":45,"column":5}}],"line":30},"3":{"loc":{"start":{"line":32,"column":55},"end":{"line":32,"column":78}},"type":"cond-expr","locations":[{"start":{"line":32,"column":73},"end":{"line":32,"column":74}},{"start":{"line":32,"column":77},"end":{"line":32,"column":78}}],"line":32},"4":{"loc":{"start":{"line":42,"column":11},"end":{"line":45,"column":5}},"type":"if","locations":[{"start":{"line":42,"column":11},"end":{"line":45,"column":5}},{"start":{},"end":{}}],"line":42},"5":{"loc":{"start":{"line":50,"column":6},"end":{"line":50,"column":78}},"type":"cond-expr","locations":[{"start":{"line":50,"column":24},"end":{"line":50,"column":70}},{"start":{"line":50,"column":73},"end":{"line":50,"column":78}}],"line":50},"6":{"loc":{"start":{"line":50,"column":43},"end":{"line":50,"column":68}},"type":"binary-expr","locations":[{"start":{"line":50,"column":43},"end":{"line":50,"column":63}},{"start":{"line":50,"column":67},"end":{"line":50,"column":68}}],"line":50},"7":{"loc":{"start":{"line":63,"column":6},"end":{"line":63,"column":75}},"type":"cond-expr","locations":[{"start":{"line":63,"column":24},"end":{"line":63,"column":67}},{"start":{"line":63,"column":70},"end":{"line":63,"column":75}}],"line":63},"8":{"loc":{"start":{"line":63,"column":43},"end":{"line":63,"column":65}},"type":"binary-expr","locations":[{"start":{"line":63,"column":43},"end":{"line":63,"column":60}},{"start":{"line":63,"column":64},"end":{"line":63,"column":65}}],"line":63},"9":{"loc":{"start":{"line":65,"column":78},"end":{"line":65,"column":96}},"type":"binary-expr","locations":[{"start":{"line":65,"column":78},"end":{"line":65,"column":89}},{"start":{"line":65,"column":93},"end":{"line":65,"column":96}}],"line":65},"10":{"loc":{"start":{"line":68,"column":4},"end":{"line":77,"column":5}},"type":"if","locations":[{"start":{"line":68,"column":4},"end":{"line":77,"column":5}},{"start":{"line":75,"column":11},"end":{"line":77,"column":5}}],"line":68},"11":{"loc":{"start":{"line":72,"column":10},"end":{"line":72,"column":72}},"type":"cond-expr","locations":[{"start":{"line":72,"column":28},"end":{"line":72,"column":64}},{"start":{"line":72,"column":67},"end":{"line":72,"column":72}}],"line":72},"12":{"loc":{"start":{"line":81,"column":70},"end":{"line":81,"column":88}},"type":"binary-expr","locations":[{"start":{"line":81,"column":70},"end":{"line":81,"column":81}},{"start":{"line":81,"column":85},"end":{"line":81,"column":88}}],"line":81},"13":{"loc":{"start":{"line":82,"column":4},"end":{"line":85,"column":5}},"type":"if","locations":[{"start":{"line":82,"column":4},"end":{"line":85,"column":5}},{"start":{},"end":{}}],"line":82},"14":{"loc":{"start":{"line":105,"column":42},"end":{"line":105,"column":91}},"type":"binary-expr","locations":[{"start":{"line":105,"column":42},"end":{"line":105,"column":63}},{"start":{"line":105,"column":67},"end":{"line":105,"column":91}}],"line":105},"15":{"loc":{"start":{"line":111,"column":42},"end":{"line":111,"column":91}},"type":"binary-expr","locations":[{"start":{"line":111,"column":42},"end":{"line":111,"column":63}},{"start":{"line":111,"column":67},"end":{"line":111,"column":91}}],"line":111},"16":{"loc":{"start":{"line":117,"column":42},"end":{"line":117,"column":92}},"type":"binary-expr","locations":[{"start":{"line":117,"column":42},"end":{"line":117,"column":64}},{"start":{"line":117,"column":68},"end":{"line":117,"column":92}}],"line":117},"17":{"loc":{"start":{"line":127,"column":11},"end":{"line":145,"column":11}},"type":"cond-expr","locations":[{"start":{"line":128,"column":12},"end":{"line":133,"column":14}},{"start":{"line":135,"column":12},"end":{"line":144,"column":14}}],"line":127},"18":{"loc":{"start":{"line":140,"column":16},"end":{"line":142,"column":54}},"type":"cond-expr","locations":[{"start":{"line":141,"column":20},"end":{"line":141,"column":60}},{"start":{"line":142,"column":20},"end":{"line":142,"column":54}}],"line":140}},"s":{"0":0,"1":0,"2":0,"3":0,"4":0,"5":0,"6":0,"7":0,"8":0,"9":0,"10":0,"11":0,"12":0,"13":0,"14":0,"15":0,"16":0,"17":0,"18":0,"19":0,"20":0,"21":0,"22":0,"23":0,"24":0,"25":0,"26":0,"27":0,"28":0,"29":0,"30":0,"31":0,"32":0,"33":0,"34":0,"35":0,"36":0,"37":0,"38":0,"39":0,"40":0,"41":0,"42":0,"43":0,"44":0,"45":0,"46":0,"47":0,"48":0,"49":0,"50":0,"51":0,"52":0,"53":0,"54":0,"55":0},"f":{"0":0,"1":0,"2":0,"3":0,"4":0,"5":0,"6":0,"7":0,"8":0,"9":0,"10":0,"11":0,"12":0,"13":0,"14":0,"15":0,"16":0,"17":0,"18":0,"19":0,"20":0,"21":0,"22":0,"23":0,"24":0},"b":{"0":[0,0],"1":[0,0],"2":[0,0],"3":[0,0],"4":[0,0],"5":[0,0],"6":[0,0],"7":[0,0],"8":[0,0],"9":[0,0],"10":[0,0],"11":[0,0],"12":[0,0],"13":[0,0],"14":[0,0],"15":[0,0],"16":[0,0],"17":[0,0],"18":[0,0]}}
,"/Volumes/T7Shield/Projects/SWEN732PROJ/MSN/app/(modal)/addMember.tsx": {"path":"/Volumes/T7Shield/Projects/SWEN732PROJ/MSN/app/(modal)/addMember.tsx","statementMap":{"0":{"start":{"line":8,"column":24},"end":{"line":239,"column":1}},"1":{"start":{"line":9,"column":17},"end":{"line":9,"column":28}},"2":{"start":{"line":10,"column":22},"end":{"line":10,"column":44}},"3":{"start":{"line":11,"column":30},"end":{"line":11,"column":42}},"4":{"start":{"line":12,"column":34},"end":{"line":12,"column":56}},"5":{"start":{"line":13,"column":32},"end":{"line":15,"column":10}},"6":{"start":{"line":16,"column":15},"end":{"line":16,"column":24}},"7":{"start":{"line":19,"column":2},"end":{"line":49,"column":9}},"8":{"start":{"line":20,"column":25},"end":{"line":46,"column":5}},"9":{"start":{"line":21,"column":6},"end":{"line":45,"column":7}},"10":{"start":{"line":22,"column":28},"end":{"line":22,"column":44}},"11":{"start":{"line":23,"column":8},"end":{"line":25,"column":9}},"12":{"start":{"line":24,"column":10},"end":{"line":24,"column":58}},"13":{"start":{"line":27,"column":28},"end":{"line":40,"column":12}},"14":{"start":{"line":32,"column":32},"end":{"line":37,"column":74}},"15":{"start":{"line":32,"column":60},"end":{"line":37,"column":13}},"16":{"start":{"line":38,"column":12},"end":{"line":38,"column":37}},"17":{"start":{"line":39,"column":12},"end":{"line":39,"column":36}},"18":{"start":{"line":42,"column":8},"end":{"line":42,"column":35}},"19":{"start":{"line":42,"column":21},"end":{"line":42,"column":34}},"20":{"start":{"line":44,"column":8},"end":{"line":44,"column":56}},"21":{"start":{"line":48,"column":4},"end":{"line":48,"column":19}},"22":{"start":{"line":51,"column":23},"end":{"line":55,"column":3}},"23":{"start":{"line":52,"column":4},"end":{"line":54,"column":6}},"24":{"start":{"line":53,"column":6},"end":{"line":53,"column":70}},"25":{"start":{"line":53,"column":45},"end":{"line":53,"column":53}},"26":{"start":{"line":57,"column":2},"end":{"line":238,"column":4}},"27":{"start":{"line":61,"column":41},"end":{"line":61,"column":54}},"28":{"start":{"line":67,"column":12},"end":{"line":124,"column":13}},"29":{"start":{"line":68,"column":14},"end":{"line":70,"column":15}},"30":{"start":{"line":69,"column":10},"end":{"line":69,"column":50}},"31":{"start":{"line":72,"column":33},"end":{"line":72,"column":116}},"32":{"start":{"line":74,"column":16},"end":{"line":76,"column":19}},"33":{"start":{"line":79,"column":30},"end":{"line":79,"column":49}},"34":{"start":{"line":81,"column":16},"end":{"line":117,"column":17}},"35":{"start":{"line":81,"column":29},"end":{"line":81,"column":30}},"36":{"start":{"line":82,"column":16},"end":{"line":116,"column":17}},"37":{"start":{"line":82,"column":29},"end":{"line":82,"column":34}},"38":{"start":{"line":83,"column":34},"end":{"line":83,"column":45}},"39":{"start":{"line":84,"column":34},"end":{"line":84,"column":45}},"40":{"start":{"line":87,"column":43},"end":{"line":91,"column":31}},"41":{"start":{"line":93,"column":39},"end":{"line":93,"column":95}},"42":{"start":{"line":94,"column":39},"end":{"line":94,"column":95}},"43":{"start":{"line":96,"column":20},"end":{"line":100,"column":40}},"44":{"start":{"line":103,"column":43},"end":{"line":107,"column":31}},"45":{"start":{"line":109,"column":20},"end":{"line":113,"column":40}},"46":{"start":{"line":119,"column":16},"end":{"line":119,"column":37}},"47":{"start":{"line":121,"column":14},"end":{"line":121,"column":28}},"48":{"start":{"line":123,"column":14},"end":{"line":123,"column":69}},"49":{"start":{"line":139,"column":8},"end":{"line":141,"column":68}},"50":{"start":{"line":144,"column":10},"end":{"line":199,"column":15}},"51":{"start":{"line":149,"column":14},"end":{"line":195,"column":15}},"52":{"start":{"line":150,"column":32},"end":{"line":150,"column":53}},"53":{"start":{"line":151,"column":36},"end":{"line":151,"column":52}},"54":{"start":{"line":153,"column":16},"end":{"line":155,"column":17}},"55":{"start":{"line":154,"column":18},"end":{"line":154,"column":66}},"56":{"start":{"line":157,"column":30},"end":{"line":157,"column":49}},"57":{"start":{"line":160,"column":45},"end":{"line":164,"column":34}},"58":{"start":{"line":165,"column":16},"end":{"line":165,"column":54}},"59":{"start":{"line":166,"column":16},"end":{"line":170,"column":19}},"60":{"start":{"line":173,"column":38},"end":{"line":177,"column":39}},"61":{"start":{"line":179,"column":16},"end":{"line":183,"column":19}},"62":{"start":{"line":186,"column":16},"end":{"line":192,"column":21}},"63":{"start":{"line":187,"column":20},"end":{"line":187,"column":63}},"64":{"start":{"line":188,"column":20},"end":{"line":188,"column":34}},"65":{"start":{"line":191,"column":20},"end":{"line":191,"column":79}},"66":{"start":{"line":194,"column":16},"end":{"line":194,"column":70}},"67":{"start":{"line":198,"column":14},"end":{"line":198,"column":59}},"68":{"start":{"line":211,"column":10},"end":{"line":213,"column":70}},"69":{"start":{"line":215,"column":32},"end":{"line":215,"column":39}},"70":{"start":{"line":217,"column":10},"end":{"line":231,"column":29}},"71":{"start":{"line":219,"column":27},"end":{"line":219,"column":48}},"72":{"start":{"line":234,"column":10},"end":{"line":234,"column":66}},"73":{"start":{"line":241,"column":15},"end":{"line":307,"column":2}}},"fnMap":{"0":{"name":"(anonymous_0)","decl":{"start":{"line":8,"column":24},"end":{"line":8,"column":25}},"loc":{"start":{"line":8,"column":30},"end":{"line":239,"column":1}},"line":8},"1":{"name":"(anonymous_1)","decl":{"start":{"line":19,"column":12},"end":{"line":19,"column":13}},"loc":{"start":{"line":19,"column":18},"end":{"line":49,"column":3}},"line":19},"2":{"name":"(anonymous_2)","decl":{"start":{"line":20,"column":25},"end":{"line":20,"column":26}},"loc":{"start":{"line":20,"column":37},"end":{"line":46,"column":5}},"line":20},"3":{"name":"(anonymous_3)","decl":{"start":{"line":31,"column":22},"end":{"line":31,"column":23}},"loc":{"start":{"line":31,"column":36},"end":{"line":40,"column":11}},"line":31},"4":{"name":"(anonymous_4)","decl":{"start":{"line":32,"column":50},"end":{"line":32,"column":51}},"loc":{"start":{"line":32,"column":60},"end":{"line":37,"column":13}},"line":32},"5":{"name":"(anonymous_5)","decl":{"start":{"line":42,"column":15},"end":{"line":42,"column":16}},"loc":{"start":{"line":42,"column":21},"end":{"line":42,"column":34}},"line":42},"6":{"name":"(anonymous_6)","decl":{"start":{"line":51,"column":23},"end":{"line":51,"column":24}},"loc":{"start":{"line":51,"column":39},"end":{"line":55,"column":3}},"line":51},"7":{"name":"(anonymous_7)","decl":{"start":{"line":52,"column":16},"end":{"line":52,"column":17}},"loc":{"start":{"line":53,"column":6},"end":{"line":53,"column":70}},"line":53},"8":{"name":"(anonymous_8)","decl":{"start":{"line":53,"column":38},"end":{"line":53,"column":39}},"loc":{"start":{"line":53,"column":45},"end":{"line":53,"column":53}},"line":53},"9":{"name":"(anonymous_9)","decl":{"start":{"line":61,"column":35},"end":{"line":61,"column":36}},"loc":{"start":{"line":61,"column":41},"end":{"line":61,"column":54}},"line":61},"10":{"name":"(anonymous_10)","decl":{"start":{"line":66,"column":19},"end":{"line":66,"column":20}},"loc":{"start":{"line":66,"column":31},"end":{"line":125,"column":11}},"line":66},"11":{"name":"(anonymous_11)","decl":{"start":{"line":138,"column":21},"end":{"line":138,"column":22}},"loc":{"start":{"line":139,"column":8},"end":{"line":141,"column":68}},"line":139},"12":{"name":"(anonymous_12)","decl":{"start":{"line":143,"column":61},"end":{"line":143,"column":62}},"loc":{"start":{"line":143,"column":67},"end":{"line":200,"column":9}},"line":143},"13":{"name":"(anonymous_13)","decl":{"start":{"line":148,"column":18},"end":{"line":148,"column":19}},"loc":{"start":{"line":148,"column":37},"end":{"line":196,"column":13}},"line":148},"14":{"name":"(anonymous_14)","decl":{"start":{"line":186,"column":36},"end":{"line":186,"column":37}},"loc":{"start":{"line":186,"column":42},"end":{"line":189,"column":19}},"line":186},"15":{"name":"(anonymous_15)","decl":{"start":{"line":190,"column":25},"end":{"line":190,"column":26}},"loc":{"start":{"line":190,"column":36},"end":{"line":192,"column":19}},"line":190},"16":{"name":"(anonymous_16)","decl":{"start":{"line":197,"column":19},"end":{"line":197,"column":20}},"loc":{"start":{"line":197,"column":30},"end":{"line":199,"column":13}},"line":197},"17":{"name":"(anonymous_17)","decl":{"start":{"line":210,"column":29},"end":{"line":210,"column":30}},"loc":{"start":{"line":211,"column":10},"end":{"line":213,"column":70}},"line":211},"18":{"name":"(anonymous_18)","decl":{"start":{"line":215,"column":22},"end":{"line":215,"column":23}},"loc":{"start":{"line":215,"column":32},"end":{"line":215,"column":39}},"line":215},"19":{"name":"(anonymous_19)","decl":{"start":{"line":216,"column":20},"end":{"line":216,"column":21}},"loc":{"start":{"line":217,"column":10},"end":{"line":231,"column":29}},"line":217},"20":{"name":"(anonymous_20)","decl":{"start":{"line":219,"column":21},"end":{"line":219,"column":22}},"loc":{"start":{"line":219,"column":27},"end":{"line":219,"column":48}},"line":219},"21":{"name":"(anonymous_21)","decl":{"start":{"line":233,"column":29},"end":{"line":233,"column":30}},"loc":{"start":{"line":234,"column":10},"end":{"line":234,"column":66}},"line":234}},"branchMap":{"0":{"loc":{"start":{"line":23,"column":8},"end":{"line":25,"column":9}},"type":"if","locations":[{"start":{"line":23,"column":8},"end":{"line":25,"column":9}},{"start":{},"end":{}}],"line":23},"1":{"loc":{"start":{"line":34,"column":20},"end":{"line":34,"column":41}},"type":"binary-expr","locations":[{"start":{"line":34,"column":20},"end":{"line":34,"column":35}},{"start":{"line":34,"column":39},"end":{"line":34,"column":41}}],"line":34},"2":{"loc":{"start":{"line":35,"column":21},"end":{"line":35,"column":43}},"type":"binary-expr","locations":[{"start":{"line":35,"column":21},"end":{"line":35,"column":37}},{"start":{"line":35,"column":41},"end":{"line":35,"column":43}}],"line":35},"3":{"loc":{"start":{"line":36,"column":22},"end":{"line":36,"column":45}},"type":"binary-expr","locations":[{"start":{"line":36,"column":22},"end":{"line":36,"column":39}},{"start":{"line":36,"column":43},"end":{"line":36,"column":45}}],"line":36},"4":{"loc":{"start":{"line":53,"column":6},"end":{"line":53,"column":70}},"type":"cond-expr","locations":[{"start":{"line":53,"column":26},"end":{"line":53,"column":54}},{"start":{"line":53,"column":57},"end":{"line":53,"column":70}}],"line":53},"5":{"loc":{"start":{"line":68,"column":14},"end":{"line":70,"column":15}},"type":"if","locations":[{"start":{"line":68,"column":14},"end":{"line":70,"column":15}},{"start":{},"end":{}}],"line":68},"6":{"loc":{"start":{"line":72,"column":70},"end":{"line":72,"column":115}},"type":"cond-expr","locations":[{"start":{"line":72,"column":95},"end":{"line":72,"column":105}},{"start":{"line":72,"column":108},"end":{"line":72,"column":115}}],"line":72},"7":{"loc":{"start":{"line":97,"column":26},"end":{"line":97,"column":59}},"type":"binary-expr","locations":[{"start":{"line":97,"column":26},"end":{"line":97,"column":53}},{"start":{"line":97,"column":57},"end":{"line":97,"column":59}}],"line":97},"8":{"loc":{"start":{"line":98,"column":27},"end":{"line":98,"column":57}},"type":"binary-expr","locations":[{"start":{"line":98,"column":27},"end":{"line":98,"column":51}},{"start":{"line":98,"column":55},"end":{"line":98,"column":57}}],"line":98},"9":{"loc":{"start":{"line":99,"column":28},"end":{"line":99,"column":64}},"type":"binary-expr","locations":[{"start":{"line":99,"column":28},"end":{"line":99,"column":58}},{"start":{"line":99,"column":62},"end":{"line":99,"column":64}}],"line":99},"10":{"loc":{"start":{"line":110,"column":26},"end":{"line":110,"column":59}},"type":"binary-expr","locations":[{"start":{"line":110,"column":26},"end":{"line":110,"column":53}},{"start":{"line":110,"column":57},"end":{"line":110,"column":59}}],"line":110},"11":{"loc":{"start":{"line":111,"column":27},"end":{"line":111,"column":57}},"type":"binary-expr","locations":[{"start":{"line":111,"column":27},"end":{"line":111,"column":51}},{"start":{"line":111,"column":55},"end":{"line":111,"column":57}}],"line":111},"12":{"loc":{"start":{"line":112,"column":28},"end":{"line":112,"column":64}},"type":"binary-expr","locations":[{"start":{"line":112,"column":28},"end":{"line":112,"column":58}},{"start":{"line":112,"column":62},"end":{"line":112,"column":64}}],"line":112},"13":{"loc":{"start":{"line":138,"column":7},"end":{"line":204,"column":7}},"type":"binary-expr","locations":[{"start":{"line":138,"column":7},"end":{"line":142,"column":7}},{"start":{"line":142,"column":11},"end":{"line":142,"column":31}},{"start":{"line":143,"column":8},"end":{"line":203,"column":25}}],"line":138},"14":{"loc":{"start":{"line":139,"column":8},"end":{"line":141,"column":68}},"type":"binary-expr","locations":[{"start":{"line":139,"column":8},"end":{"line":139,"column":66}},{"start":{"line":140,"column":8},"end":{"line":140,"column":67}},{"start":{"line":141,"column":8},"end":{"line":141,"column":68}}],"line":139},"15":{"loc":{"start":{"line":149,"column":14},"end":{"line":195,"column":15}},"type":"if","locations":[{"start":{"line":149,"column":14},"end":{"line":195,"column":15}},{"start":{"line":193,"column":21},"end":{"line":195,"column":15}}],"line":149},"16":{"loc":{"start":{"line":153,"column":16},"end":{"line":155,"column":17}},"type":"if","locations":[{"start":{"line":153,"column":16},"end":{"line":155,"column":17}},{"start":{},"end":{}}],"line":153},"17":{"loc":{"start":{"line":167,"column":24},"end":{"line":167,"column":53}},"type":"binary-expr","locations":[{"start":{"line":167,"column":24},"end":{"line":167,"column":47}},{"start":{"line":167,"column":51},"end":{"line":167,"column":53}}],"line":167},"18":{"loc":{"start":{"line":168,"column":25},"end":{"line":168,"column":51}},"type":"binary-expr","locations":[{"start":{"line":168,"column":25},"end":{"line":168,"column":45}},{"start":{"line":168,"column":49},"end":{"line":168,"column":51}}],"line":168},"19":{"loc":{"start":{"line":169,"column":26},"end":{"line":169,"column":58}},"type":"binary-expr","locations":[{"start":{"line":169,"column":26},"end":{"line":169,"column":52}},{"start":{"line":169,"column":56},"end":{"line":169,"column":58}}],"line":169},"20":{"loc":{"start":{"line":180,"column":24},"end":{"line":180,"column":53}},"type":"binary-expr","locations":[{"start":{"line":180,"column":24},"end":{"line":180,"column":47}},{"start":{"line":180,"column":51},"end":{"line":180,"column":53}}],"line":180},"21":{"loc":{"start":{"line":181,"column":25},"end":{"line":181,"column":48}},"type":"binary-expr","locations":[{"start":{"line":181,"column":25},"end":{"line":181,"column":42}},{"start":{"line":181,"column":46},"end":{"line":181,"column":48}}],"line":181},"22":{"loc":{"start":{"line":182,"column":26},"end":{"line":182,"column":55}},"type":"binary-expr","locations":[{"start":{"line":182,"column":26},"end":{"line":182,"column":49}},{"start":{"line":182,"column":53},"end":{"line":182,"column":55}}],"line":182},"23":{"loc":{"start":{"line":211,"column":10},"end":{"line":213,"column":70}},"type":"binary-expr","locations":[{"start":{"line":211,"column":10},"end":{"line":211,"column":68}},{"start":{"line":212,"column":10},"end":{"line":212,"column":69}},{"start":{"line":213,"column":10},"end":{"line":213,"column":70}}],"line":211},"24":{"loc":{"start":{"line":227,"column":20},"end":{"line":227,"column":87}},"type":"cond-expr","locations":[{"start":{"line":227,"column":49},"end":{"line":227,"column":67}},{"start":{"line":227,"column":70},"end":{"line":227,"column":87}}],"line":227},"25":{"loc":{"start":{"line":229,"column":21},"end":{"line":229,"column":68}},"type":"cond-expr","locations":[{"start":{"line":229,"column":50},"end":{"line":229,"column":59}},{"start":{"line":229,"column":62},"end":{"line":229,"column":68}}],"line":229}},"s":{"0":1,"1":29,"2":29,"3":29,"4":29,"5":29,"6":29,"7":29,"8":10,"9":10,"10":10,"11":10,"12":1,"13":9,"14":9,"15":18,"16":9,"17":9,"18":9,"19":0,"20":1,"21":10,"22":29,"23":8,"24":8,"25":1,"26":29,"27":1,"28":4,"29":4,"30":3,"31":1,"32":1,"33":0,"34":0,"35":0,"36":0,"37":0,"38":0,"39":0,"40":0,"41":0,"42":0,"43":0,"44":0,"45":0,"46":0,"47":0,"48":4,"49":21,"50":1,"51":1,"52":1,"53":1,"54":1,"55":0,"56":1,"57":1,"58":0,"59":0,"60":0,"61":0,"62":0,"63":0,"64":0,"65":0,"66":0,"67":1,"68":38,"69":45,"70":35,"71":8,"72":29,"73":1},"f":{"0":29,"1":10,"2":10,"3":9,"4":18,"5":0,"6":8,"7":8,"8":1,"9":1,"10":4,"11":21,"12":1,"13":1,"14":0,"15":0,"16":1,"17":38,"18":45,"19":35,"20":8,"21":29},"b":{"0":[1,9],"1":[18,0],"2":[18,0],"3":[18,0],"4":[1,7],"5":[3,1],"6":[0,1],"7":[0,0],"8":[0,0],"9":[0,0],"10":[0,0],"11":[0,0],"12":[0,0],"13":[29,11,1],"14":[21,3,3],"15":[1,0],"16":[0,1],"17":[0,0],"18":[0,0],"19":[0,0],"20":[0,0],"21":[0,0],"22":[0,0],"23":[38,3,3],"24":[9,26],"25":[9,26]},"_coverageSchema":"1a1c01bbd47fc00a2c39e90264f33305004495a9","hash":"aab33d5b8c36903ca72036a4a617ee729bcec5ff"}
,"/Volumes/T7Shield/Projects/SWEN732PROJ/MSN/app/group/Charts.tsx": {"path":"/Volumes/T7Shield/Projects/SWEN732PROJ/MSN/app/group/Charts.tsx","statementMap":{"0":{"start":{"line":9,"column":20},"end":{"line":9,"column":50}},"1":{"start":{"line":11,"column":15},"end":{"line":138,"column":1}},"2":{"start":{"line":12,"column":22},"end":{"line":12,"column":44}},"3":{"start":{"line":13,"column":34},"end":{"line":13,"column":53}},"4":{"start":{"line":14,"column":28},"end":{"line":14,"column":47}},"5":{"start":{"line":16,"column":2},"end":{"line":50,"column":16}},"6":{"start":{"line":17,"column":4},"end":{"line":17,"column":25}},"7":{"start":{"line":17,"column":18},"end":{"line":17,"column":25}},"8":{"start":{"line":19,"column":24},"end":{"line":47,"column":8}},"9":{"start":{"line":23,"column":26},"end":{"line":23,"column":55}},"10":{"start":{"line":24,"column":8},"end":{"line":24,"column":28}},"11":{"start":{"line":27,"column":29},"end":{"line":30,"column":16}},"12":{"start":{"line":32,"column":29},"end":{"line":35,"column":11}},"13":{"start":{"line":32,"column":59},"end":{"line":35,"column":9}},"14":{"start":{"line":38,"column":32},"end":{"line":44,"column":14}},"15":{"start":{"line":39,"column":23},"end":{"line":39,"column":65}},"16":{"start":{"line":40,"column":28},"end":{"line":40,"column":74}},"17":{"start":{"line":41,"column":10},"end":{"line":41,"column":51}},"18":{"start":{"line":41,"column":31},"end":{"line":41,"column":51}},"19":{"start":{"line":42,"column":10},"end":{"line":42,"column":39}},"20":{"start":{"line":43,"column":10},"end":{"line":43,"column":21}},"21":{"start":{"line":46,"column":8},"end":{"line":46,"column":37}},"22":{"start":{"line":49,"column":4},"end":{"line":49,"column":31}},"23":{"start":{"line":49,"column":17},"end":{"line":49,"column":30}},"24":{"start":{"line":52,"column":2},"end":{"line":58,"column":3}},"25":{"start":{"line":53,"column":4},"end":{"line":57,"column":6}},"26":{"start":{"line":61,"column":23},"end":{"line":64,"column":5}},"27":{"start":{"line":61,"column":63},"end":{"line":64,"column":3}},"28":{"start":{"line":63,"column":76},"end":{"line":63,"column":96}},"29":{"start":{"line":67,"column":23},"end":{"line":83,"column":4}},"30":{"start":{"line":68,"column":22},"end":{"line":76,"column":9}},"31":{"start":{"line":69,"column":6},"end":{"line":75,"column":8}},"32":{"start":{"line":72,"column":29},"end":{"line":72,"column":81}},"33":{"start":{"line":72,"column":62},"end":{"line":72,"column":80}},"34":{"start":{"line":73,"column":10},"end":{"line":73,"column":84}},"35":{"start":{"line":78,"column":4},"end":{"line":82,"column":6}},"36":{"start":{"line":85,"column":2},"end":{"line":137,"column":4}},"37":{"start":{"line":98,"column":16},"end":{"line":98,"column":42}},"38":{"start":{"line":99,"column":16},"end":{"line":99,"column":33}},"39":{"start":{"line":106,"column":12},"end":{"line":120,"column":18}},"40":{"start":{"line":140,"column":15},"end":{"line":161,"column":2}}},"fnMap":{"0":{"name":"(anonymous_0)","decl":{"start":{"line":11,"column":15},"end":{"line":11,"column":16}},"loc":{"start":{"line":11,"column":21},"end":{"line":138,"column":1}},"line":11},"1":{"name":"(anonymous_1)","decl":{"start":{"line":16,"column":12},"end":{"line":16,"column":13}},"loc":{"start":{"line":16,"column":18},"end":{"line":50,"column":3}},"line":16},"2":{"name":"(anonymous_2)","decl":{"start":{"line":22,"column":18},"end":{"line":22,"column":19}},"loc":{"start":{"line":22,"column":33},"end":{"line":47,"column":7}},"line":22},"3":{"name":"(anonymous_3)","decl":{"start":{"line":32,"column":51},"end":{"line":32,"column":52}},"loc":{"start":{"line":32,"column":59},"end":{"line":35,"column":9}},"line":32},"4":{"name":"(anonymous_4)","decl":{"start":{"line":38,"column":52},"end":{"line":38,"column":53}},"loc":{"start":{"line":38,"column":70},"end":{"line":44,"column":9}},"line":38},"5":{"name":"(anonymous_5)","decl":{"start":{"line":49,"column":11},"end":{"line":49,"column":12}},"loc":{"start":{"line":49,"column":17},"end":{"line":49,"column":30}},"line":49},"6":{"name":"(anonymous_6)","decl":{"start":{"line":61,"column":49},"end":{"line":61,"column":50}},"loc":{"start":{"line":61,"column":63},"end":{"line":64,"column":3}},"line":61},"7":{"name":"(anonymous_7)","decl":{"start":{"line":63,"column":45},"end":{"line":63,"column":46}},"loc":{"start":{"line":63,"column":76},"end":{"line":63,"column":96}},"line":63},"8":{"name":"(anonymous_8)","decl":{"start":{"line":67,"column":41},"end":{"line":67,"column":42}},"loc":{"start":{"line":67,"column":58},"end":{"line":83,"column":3}},"line":67},"9":{"name":"(anonymous_9)","decl":{"start":{"line":68,"column":51},"end":{"line":68,"column":52}},"loc":{"start":{"line":68,"column":87},"end":{"line":76,"column":5}},"line":68},"10":{"name":"(anonymous_10)","decl":{"start":{"line":71,"column":37},"end":{"line":71,"column":38}},"loc":{"start":{"line":71,"column":74},"end":{"line":74,"column":9}},"line":71},"11":{"name":"(anonymous_11)","decl":{"start":{"line":72,"column":50},"end":{"line":72,"column":51}},"loc":{"start":{"line":72,"column":62},"end":{"line":72,"column":80}},"line":72},"12":{"name":"(anonymous_12)","decl":{"start":{"line":97,"column":26},"end":{"line":97,"column":27}},"loc":{"start":{"line":97,"column":37},"end":{"line":100,"column":13}},"line":97},"13":{"name":"(anonymous_13)","decl":{"start":{"line":105,"column":11},"end":{"line":105,"column":12}},"loc":{"start":{"line":106,"column":12},"end":{"line":120,"column":18}},"line":106}},"branchMap":{"0":{"loc":{"start":{"line":17,"column":4},"end":{"line":17,"column":25}},"type":"if","locations":[{"start":{"line":17,"column":4},"end":{"line":17,"column":25}},{"start":{},"end":{}}],"line":17},"1":{"loc":{"start":{"line":41,"column":10},"end":{"line":41,"column":51}},"type":"if","locations":[{"start":{"line":41,"column":10},"end":{"line":41,"column":51}},{"start":{},"end":{}}],"line":41},"2":{"loc":{"start":{"line":52,"column":2},"end":{"line":58,"column":3}},"type":"if","locations":[{"start":{"line":52,"column":2},"end":{"line":58,"column":3}},{"start":{},"end":{}}],"line":52},"3":{"loc":{"start":{"line":52,"column":6},"end":{"line":52,"column":25}},"type":"binary-expr","locations":[{"start":{"line":52,"column":6},"end":{"line":52,"column":15}},{"start":{"line":52,"column":19},"end":{"line":52,"column":25}}],"line":52},"4":{"loc":{"start":{"line":63,"column":17},"end":{"line":63,"column":105}},"type":"binary-expr","locations":[{"start":{"line":63,"column":17},"end":{"line":63,"column":100}},{"start":{"line":63,"column":104},"end":{"line":63,"column":105}}],"line":63},"5":{"loc":{"start":{"line":71,"column":9},"end":{"line":74,"column":18}},"type":"binary-expr","locations":[{"start":{"line":71,"column":9},"end":{"line":74,"column":13}},{"start":{"line":74,"column":17},"end":{"line":74,"column":18}}],"line":71},"6":{"loc":{"start":{"line":73,"column":17},"end":{"line":73,"column":83}},"type":"cond-expr","locations":[{"start":{"line":73,"column":30},"end":{"line":73,"column":71}},{"start":{"line":73,"column":74},"end":{"line":73,"column":83}}],"line":73},"7":{"loc":{"start":{"line":81,"column":13},"end":{"line":81,"column":37}},"type":"binary-expr","locations":[{"start":{"line":81,"column":13},"end":{"line":81,"column":24}},{"start":{"line":81,"column":28},"end":{"line":81,"column":37}}],"line":81}},"s":{"0":0,"1":0,"2":0,"3":0,"4":0,"5":0,"6":0,"7":0,"8":0,"9":0,"10":0,"11":0,"12":0,"13":0,"14":0,"15":0,"16":0,"17":0,"18":0,"19":0,"20":0,"21":0,"22":0,"23":0,"24":0,"25":0,"26":0,"27":0,"28":0,"29":0,"30":0,"31":0,"32":0,"33":0,"34":0,"35":0,"36":0,"37":0,"38":0,"39":0,"40":0},"f":{"0":0,"1":0,"2":0,"3":0,"4":0,"5":0,"6":0,"7":0,"8":0,"9":0,"10":0,"11":0,"12":0,"13":0},"b":{"0":[0,0],"1":[0,0],"2":[0,0],"3":[0,0],"4":[0,0],"5":[0,0],"6":[0,0],"7":[0,0]}}
,"/Volumes/T7Shield/Projects/SWEN732PROJ/MSN/app/group/EditExpense.tsx": {"path":"/Volumes/T7Shield/Projects/SWEN732PROJ/MSN/app/group/EditExpense.tsx","statementMap":{"0":{"start":{"line":7,"column":20},"end":{"line":163,"column":1}},"1":{"start":{"line":8,"column":33},"end":{"line":8,"column":55}},"2":{"start":{"line":9,"column":17},"end":{"line":9,"column":28}},"3":{"start":{"line":10,"column":40},"end":{"line":10,"column":52}},"4":{"start":{"line":11,"column":30},"end":{"line":11,"column":41}},"5":{"start":{"line":12,"column":32},"end":{"line":12,"column":51}},"6":{"start":{"line":13,"column":36},"end":{"line":13,"column":48}},"7":{"start":{"line":15,"column":2},"end":{"line":54,"column":27}},"8":{"start":{"line":16,"column":4},"end":{"line":16,"column":38}},"9":{"start":{"line":17,"column":4},"end":{"line":17,"column":42}},"10":{"start":{"line":18,"column":40},"end":{"line":51,"column":5}},"11":{"start":{"line":19,"column":6},"end":{"line":50,"column":7}},"12":{"start":{"line":21,"column":27},"end":{"line":21,"column":98}},"13":{"start":{"line":22,"column":28},"end":{"line":22,"column":45}},"14":{"start":{"line":24,"column":8},"end":{"line":28,"column":9}},"15":{"start":{"line":25,"column":10},"end":{"line":25,"column":53}},"16":{"start":{"line":26,"column":10},"end":{"line":26,"column":24}},"17":{"start":{"line":27,"column":10},"end":{"line":27,"column":17}},"18":{"start":{"line":30,"column":8},"end":{"line":30,"column":54}},"19":{"start":{"line":31,"column":8},"end":{"line":31,"column":43}},"20":{"start":{"line":32,"column":8},"end":{"line":32,"column":50}},"21":{"start":{"line":35,"column":25},"end":{"line":35,"column":92}},"22":{"start":{"line":36,"column":29},"end":{"line":36,"column":59}},"23":{"start":{"line":39,"column":31},"end":{"line":44,"column":10}},"24":{"start":{"line":40,"column":32},"end":{"line":40,"column":93}},"25":{"start":{"line":40,"column":69},"end":{"line":40,"column":92}},"26":{"start":{"line":41,"column":10},"end":{"line":43,"column":65}},"27":{"start":{"line":46,"column":8},"end":{"line":46,"column":35}},"28":{"start":{"line":48,"column":8},"end":{"line":48,"column":53}},"29":{"start":{"line":49,"column":8},"end":{"line":49,"column":72}},"30":{"start":{"line":53,"column":4},"end":{"line":53,"column":34}},"31":{"start":{"line":56,"column":21},"end":{"line":73,"column":3}},"32":{"start":{"line":57,"column":4},"end":{"line":72,"column":5}},"33":{"start":{"line":58,"column":6},"end":{"line":66,"column":11}},"34":{"start":{"line":67,"column":6},"end":{"line":67,"column":62}},"35":{"start":{"line":68,"column":6},"end":{"line":68,"column":20}},"36":{"start":{"line":70,"column":6},"end":{"line":70,"column":54}},"37":{"start":{"line":71,"column":6},"end":{"line":71,"column":74}},"38":{"start":{"line":75,"column":28},"end":{"line":85,"column":3}},"39":{"start":{"line":76,"column":19},"end":{"line":80,"column":6}},"40":{"start":{"line":82,"column":4},"end":{"line":84,"column":5}},"41":{"start":{"line":83,"column":6},"end":{"line":83,"column":41}},"42":{"start":{"line":87,"column":29},"end":{"line":93,"column":3}},"43":{"start":{"line":88,"column":4},"end":{"line":92,"column":6}},"44":{"start":{"line":89,"column":6},"end":{"line":91,"column":7}},"45":{"start":{"line":90,"column":8},"end":{"line":90,"column":83}},"46":{"start":{"line":95,"column":33},"end":{"line":101,"column":3}},"47":{"start":{"line":96,"column":4},"end":{"line":100,"column":6}},"48":{"start":{"line":97,"column":6},"end":{"line":99,"column":7}},"49":{"start":{"line":98,"column":8},"end":{"line":98,"column":87}},"50":{"start":{"line":103,"column":2},"end":{"line":162,"column":4}},"51":{"start":{"line":119,"column":32},"end":{"line":119,"column":55}},"52":{"start":{"line":127,"column":32},"end":{"line":127,"column":39}},"53":{"start":{"line":129,"column":10},"end":{"line":144,"column":17}},"54":{"start":{"line":130,"column":45},"end":{"line":130,"column":72}},"55":{"start":{"line":139,"column":40},"end":{"line":139,"column":77}},"56":{"start":{"line":165,"column":15},"end":{"line":247,"column":2}}},"fnMap":{"0":{"name":"(anonymous_0)","decl":{"start":{"line":7,"column":20},"end":{"line":7,"column":21}},"loc":{"start":{"line":7,"column":26},"end":{"line":163,"column":1}},"line":7},"1":{"name":"(anonymous_1)","decl":{"start":{"line":15,"column":12},"end":{"line":15,"column":13}},"loc":{"start":{"line":15,"column":18},"end":{"line":54,"column":3}},"line":15},"2":{"name":"(anonymous_2)","decl":{"start":{"line":18,"column":40},"end":{"line":18,"column":41}},"loc":{"start":{"line":18,"column":52},"end":{"line":51,"column":5}},"line":18},"3":{"name":"(anonymous_3)","decl":{"start":{"line":39,"column":48},"end":{"line":39,"column":49}},"loc":{"start":{"line":39,"column":70},"end":{"line":44,"column":9}},"line":39},"4":{"name":"(anonymous_4)","decl":{"start":{"line":40,"column":57},"end":{"line":40,"column":58}},"loc":{"start":{"line":40,"column":69},"end":{"line":40,"column":92}},"line":40},"5":{"name":"(anonymous_5)","decl":{"start":{"line":56,"column":21},"end":{"line":56,"column":22}},"loc":{"start":{"line":56,"column":33},"end":{"line":73,"column":3}},"line":56},"6":{"name":"(anonymous_6)","decl":{"start":{"line":75,"column":28},"end":{"line":75,"column":29}},"loc":{"start":{"line":75,"column":40},"end":{"line":85,"column":3}},"line":75},"7":{"name":"(anonymous_7)","decl":{"start":{"line":87,"column":29},"end":{"line":87,"column":30}},"loc":{"start":{"line":87,"column":51},"end":{"line":93,"column":3}},"line":87},"8":{"name":"(anonymous_8)","decl":{"start":{"line":88,"column":15},"end":{"line":88,"column":16}},"loc":{"start":{"line":89,"column":6},"end":{"line":91,"column":7}},"line":89},"9":{"name":"(anonymous_9)","decl":{"start":{"line":89,"column":22},"end":{"line":89,"column":23}},"loc":{"start":{"line":90,"column":8},"end":{"line":90,"column":83}},"line":90},"10":{"name":"(anonymous_10)","decl":{"start":{"line":95,"column":33},"end":{"line":95,"column":34}},"loc":{"start":{"line":95,"column":75},"end":{"line":101,"column":3}},"line":95},"11":{"name":"(anonymous_11)","decl":{"start":{"line":96,"column":15},"end":{"line":96,"column":16}},"loc":{"start":{"line":97,"column":6},"end":{"line":99,"column":7}},"line":97},"12":{"name":"(anonymous_12)","decl":{"start":{"line":97,"column":22},"end":{"line":97,"column":23}},"loc":{"start":{"line":98,"column":8},"end":{"line":98,"column":87}},"line":98},"13":{"name":"(anonymous_13)","decl":{"start":{"line":119,"column":22},"end":{"line":119,"column":23}},"loc":{"start":{"line":119,"column":32},"end":{"line":119,"column":55}},"line":119},"14":{"name":"(anonymous_14)","decl":{"start":{"line":127,"column":22},"end":{"line":127,"column":23}},"loc":{"start":{"line":127,"column":32},"end":{"line":127,"column":39}},"line":127},"15":{"name":"(anonymous_15)","decl":{"start":{"line":128,"column":20},"end":{"line":128,"column":21}},"loc":{"start":{"line":129,"column":10},"end":{"line":144,"column":17}},"line":129},"16":{"name":"(anonymous_16)","decl":{"start":{"line":130,"column":39},"end":{"line":130,"column":40}},"loc":{"start":{"line":130,"column":45},"end":{"line":130,"column":72}},"line":130},"17":{"name":"(anonymous_17)","decl":{"start":{"line":139,"column":30},"end":{"line":139,"column":31}},"loc":{"start":{"line":139,"column":40},"end":{"line":139,"column":77}},"line":139}},"branchMap":{"0":{"loc":{"start":{"line":24,"column":8},"end":{"line":28,"column":9}},"type":"if","locations":[{"start":{"line":24,"column":8},"end":{"line":28,"column":9}},{"start":{},"end":{}}],"line":24},"1":{"loc":{"start":{"line":30,"column":23},"end":{"line":30,"column":52}},"type":"binary-expr","locations":[{"start":{"line":30,"column":23},"end":{"line":30,"column":46}},{"start":{"line":30,"column":50},"end":{"line":30,"column":52}}],"line":30},"2":{"loc":{"start":{"line":31,"column":18},"end":{"line":31,"column":41}},"type":"binary-expr","locations":[{"start":{"line":31,"column":18},"end":{"line":31,"column":36}},{"start":{"line":31,"column":40},"end":{"line":31,"column":41}}],"line":31},"3":{"loc":{"start":{"line":32,"column":21},"end":{"line":32,"column":48}},"type":"binary-expr","locations":[{"start":{"line":32,"column":21},"end":{"line":32,"column":42}},{"start":{"line":32,"column":46},"end":{"line":32,"column":48}}],"line":32},"4":{"loc":{"start":{"line":36,"column":29},"end":{"line":36,"column":59}},"type":"binary-expr","locations":[{"start":{"line":36,"column":29},"end":{"line":36,"column":53}},{"start":{"line":36,"column":57},"end":{"line":36,"column":59}}],"line":36},"5":{"loc":{"start":{"line":41,"column":17},"end":{"line":43,"column":64}},"type":"cond-expr","locations":[{"start":{"line":42,"column":14},"end":{"line":42,"column":50}},{"start":{"line":43,"column":14},"end":{"line":43,"column":64}}],"line":41},"6":{"loc":{"start":{"line":82,"column":4},"end":{"line":84,"column":5}},"type":"if","locations":[{"start":{"line":82,"column":4},"end":{"line":84,"column":5}},{"start":{},"end":{}}],"line":82},"7":{"loc":{"start":{"line":90,"column":8},"end":{"line":90,"column":83}},"type":"cond-expr","locations":[{"start":{"line":90,"column":33},"end":{"line":90,"column":74}},{"start":{"line":90,"column":77},"end":{"line":90,"column":83}}],"line":90},"8":{"loc":{"start":{"line":98,"column":8},"end":{"line":98,"column":87}},"type":"cond-expr","locations":[{"start":{"line":98,"column":33},"end":{"line":98,"column":78}},{"start":{"line":98,"column":81},"end":{"line":98,"column":87}}],"line":98},"9":{"loc":{"start":{"line":131,"column":47},"end":{"line":131,"column":86}},"type":"binary-expr","locations":[{"start":{"line":131,"column":47},"end":{"line":131,"column":61}},{"start":{"line":131,"column":65},"end":{"line":131,"column":86}}],"line":131},"10":{"loc":{"start":{"line":132,"column":17},"end":{"line":132,"column":37}},"type":"binary-expr","locations":[{"start":{"line":132,"column":17},"end":{"line":132,"column":26}},{"start":{"line":132,"column":30},"end":{"line":132,"column":37}}],"line":132},"11":{"loc":{"start":{"line":135,"column":13},"end":{"line":143,"column":13}},"type":"binary-expr","locations":[{"start":{"line":135,"column":13},"end":{"line":135,"column":26}},{"start":{"line":136,"column":14},"end":{"line":142,"column":16}}],"line":135},"12":{"loc":{"start":{"line":149,"column":7},"end":{"line":153,"column":7}},"type":"cond-expr","locations":[{"start":{"line":150,"column":8},"end":{"line":150,"column":70}},{"start":{"line":152,"column":8},"end":{"line":152,"column":65}}],"line":149}},"s":{"0":0,"1":0,"2":0,"3":0,"4":0,"5":0,"6":0,"7":0,"8":0,"9":0,"10":0,"11":0,"12":0,"13":0,"14":0,"15":0,"16":0,"17":0,"18":0,"19":0,"20":0,"21":0,"22":0,"23":0,"24":0,"25":0,"26":0,"27":0,"28":0,"29":0,"30":0,"31":0,"32":0,"33":0,"34":0,"35":0,"36":0,"37":0,"38":0,"39":0,"40":0,"41":0,"42":0,"43":0,"44":0,"45":0,"46":0,"47":0,"48":0,"49":0,"50":0,"51":0,"52":0,"53":0,"54":0,"55":0,"56":0},"f":{"0":0,"1":0,"2":0,"3":0,"4":0,"5":0,"6":0,"7":0,"8":0,"9":0,"10":0,"11":0,"12":0,"13":0,"14":0,"15":0,"16":0,"17":0},"b":{"0":[0,0],"1":[0,0],"2":[0,0],"3":[0,0],"4":[0,0],"5":[0,0],"6":[0,0],"7":[0,0],"8":[0,0],"9":[0,0],"10":[0,0],"11":[0,0],"12":[0,0]}}
,"/Volumes/T7Shield/Projects/SWEN732PROJ/MSN/app/group/ExpenseDetail.tsx": {"path":"/Volumes/T7Shield/Projects/SWEN732PROJ/MSN/app/group/ExpenseDetail.tsx","statementMap":{"0":{"start":{"line":6,"column":22},"end":{"line":80,"column":1}},"1":{"start":{"line":7,"column":31},"end":{"line":7,"column":53}},"2":{"start":{"line":8,"column":17},"end":{"line":8,"column":28}},"3":{"start":{"line":10,"column":2},"end":{"line":16,"column":3}},"4":{"start":{"line":11,"column":4},"end":{"line":15,"column":6}},"5":{"start":{"line":18,"column":24},"end":{"line":18,"column":43}},"6":{"start":{"line":20,"column":2},"end":{"line":79,"column":4}},"7":{"start":{"line":28,"column":12},"end":{"line":28,"column":65}},"8":{"start":{"line":29,"column":12},"end":{"line":32,"column":14}},"9":{"start":{"line":62,"column":12},"end":{"line":64,"column":19}},"10":{"start":{"line":82,"column":15},"end":{"line":142,"column":2}}},"fnMap":{"0":{"name":"(anonymous_0)","decl":{"start":{"line":6,"column":22},"end":{"line":6,"column":23}},"loc":{"start":{"line":6,"column":28},"end":{"line":80,"column":1}},"line":6},"1":{"name":"(anonymous_1)","decl":{"start":{"line":27,"column":19},"end":{"line":27,"column":20}},"loc":{"start":{"line":27,"column":24},"end":{"line":32,"column":15}},"line":27},"2":{"name":"(anonymous_2)","decl":{"start":{"line":61,"column":36},"end":{"line":61,"column":37}},"loc":{"start":{"line":62,"column":12},"end":{"line":64,"column":19}},"line":62}},"branchMap":{"0":{"loc":{"start":{"line":10,"column":2},"end":{"line":16,"column":3}},"type":"if","locations":[{"start":{"line":10,"column":2},"end":{"line":16,"column":3}},{"start":{},"end":{}}],"line":10},"1":{"loc":{"start":{"line":42,"column":36},"end":{"line":42,"column":81}},"type":"binary-expr","locations":[{"start":{"line":42,"column":36},"end":{"line":42,"column":61}},{"start":{"line":42,"column":65},"end":{"line":42,"column":81}}],"line":42},"2":{"loc":{"start":{"line":48,"column":37},"end":{"line":48,"column":62}},"type":"binary-expr","locations":[{"start":{"line":48,"column":37},"end":{"line":48,"column":57}},{"start":{"line":48,"column":61},"end":{"line":48,"column":62}}],"line":48},"3":{"loc":{"start":{"line":54,"column":36},"end":{"line":54,"column":69}},"type":"binary-expr","locations":[{"start":{"line":54,"column":36},"end":{"line":54,"column":56}},{"start":{"line":54,"column":60},"end":{"line":54,"column":69}}],"line":54},"4":{"loc":{"start":{"line":60,"column":9},"end":{"line":68,"column":9}},"type":"cond-expr","locations":[{"start":{"line":61,"column":10},"end":{"line":65,"column":12}},{"start":{"line":67,"column":10},"end":{"line":67,"column":64}}],"line":60},"5":{"loc":{"start":{"line":60,"column":9},"end":{"line":60,"column":66}},"type":"binary-expr","locations":[{"start":{"line":60,"column":9},"end":{"line":60,"column":30}},{"start":{"line":60,"column":34},"end":{"line":60,"column":66}}],"line":60},"6":{"loc":{"start":{"line":63,"column":17},"end":{"line":63,"column":41}},"type":"binary-expr","locations":[{"start":{"line":63,"column":17},"end":{"line":63,"column":28}},{"start":{"line":63,"column":32},"end":{"line":63,"column":41}}],"line":63},"7":{"loc":{"start":{"line":63,"column":45},"end":{"line":63,"column":114}},"type":"cond-expr","locations":[{"start":{"line":63,"column":69},"end":{"line":63,"column":97}},{"start":{"line":63,"column":100},"end":{"line":63,"column":114}}],"line":63},"8":{"loc":{"start":{"line":72,"column":7},"end":{"line":77,"column":7}},"type":"binary-expr","locations":[{"start":{"line":72,"column":7},"end":{"line":72,"column":30}},{"start":{"line":73,"column":8},"end":{"line":76,"column":15}}],"line":72}},"s":{"0":0,"1":0,"2":0,"3":0,"4":0,"5":0,"6":0,"7":0,"8":0,"9":0,"10":0},"f":{"0":0,"1":0,"2":0},"b":{"0":[0,0],"1":[0,0],"2":[0,0],"3":[0,0],"4":[0,0],"5":[0,0],"6":[0,0],"7":[0,0],"8":[0,0]}}
,"/Volumes/T7Shield/Projects/SWEN732PROJ/MSN/app/group/SettleUp.tsx": {"path":"/Volumes/T7Shield/Projects/SWEN732PROJ/MSN/app/group/SettleUp.tsx","statementMap":{"0":{"start":{"line":7,"column":17},"end":{"line":155,"column":1}},"1":{"start":{"line":8,"column":24},"end":{"line":8,"column":46}},"2":{"start":{"line":9,"column":19},"end":{"line":9,"column":30}},"3":{"start":{"line":10,"column":36},"end":{"line":10,"column":76}},"4":{"start":{"line":11,"column":30},"end":{"line":11,"column":49}},"5":{"start":{"line":12,"column":36},"end":{"line":12,"column":55}},"6":{"start":{"line":13,"column":24},"end":{"line":13,"column":42}},"7":{"start":{"line":15,"column":4},"end":{"line":77,"column":31}},"8":{"start":{"line":16,"column":8},"end":{"line":16,"column":45}},"9":{"start":{"line":16,"column":38},"end":{"line":16,"column":45}},"10":{"start":{"line":18,"column":38},"end":{"line":74,"column":9}},"11":{"start":{"line":20,"column":29},"end":{"line":20,"column":96}},"12":{"start":{"line":21,"column":30},"end":{"line":21,"column":69}},"13":{"start":{"line":24,"column":37},"end":{"line":29,"column":13}},"14":{"start":{"line":26,"column":36},"end":{"line":26,"column":91}},"15":{"start":{"line":27,"column":20},"end":{"line":27,"column":83}},"16":{"start":{"line":31,"column":12},"end":{"line":31,"column":49}},"17":{"start":{"line":32,"column":12},"end":{"line":32,"column":32}},"18":{"start":{"line":35,"column":33},"end":{"line":38,"column":22}},"19":{"start":{"line":40,"column":33},"end":{"line":43,"column":15}},"20":{"start":{"line":40,"column":63},"end":{"line":43,"column":13}},"21":{"start":{"line":46,"column":39},"end":{"line":46,"column":48}},"22":{"start":{"line":47,"column":12},"end":{"line":70,"column":15}},"23":{"start":{"line":48,"column":32},"end":{"line":48,"column":47}},"24":{"start":{"line":50,"column":16},"end":{"line":69,"column":19}},"25":{"start":{"line":51,"column":37},"end":{"line":51,"column":93}},"26":{"start":{"line":52,"column":39},"end":{"line":52,"column":64}},"27":{"start":{"line":54,"column":20},"end":{"line":68,"column":21}},"28":{"start":{"line":55,"column":24},"end":{"line":67,"column":25}},"29":{"start":{"line":57,"column":28},"end":{"line":60,"column":30}},"30":{"start":{"line":61,"column":31},"end":{"line":67,"column":25}},"31":{"start":{"line":63,"column":28},"end":{"line":66,"column":30}},"32":{"start":{"line":72,"column":12},"end":{"line":72,"column":44}},"33":{"start":{"line":73,"column":12},"end":{"line":73,"column":38}},"34":{"start":{"line":76,"column":8},"end":{"line":76,"column":32}},"35":{"start":{"line":79,"column":22},"end":{"line":119,"column":5}},"36":{"start":{"line":80,"column":8},"end":{"line":118,"column":10}},"37":{"start":{"line":82,"column":110},"end":{"line":82,"column":127}},"38":{"start":{"line":88,"column":24},"end":{"line":114,"column":25}},"39":{"start":{"line":90,"column":42},"end":{"line":90,"column":61}},"40":{"start":{"line":92,"column":28},"end":{"line":105,"column":31}},"41":{"start":{"line":93,"column":32},"end":{"line":104,"column":33}},"42":{"start":{"line":94,"column":55},"end":{"line":94,"column":105}},"43":{"start":{"line":96,"column":59},"end":{"line":101,"column":38}},"44":{"start":{"line":97,"column":40},"end":{"line":99,"column":41}},"45":{"start":{"line":98,"column":44},"end":{"line":98,"column":77}},"46":{"start":{"line":100,"column":40},"end":{"line":100,"column":54}},"47":{"start":{"line":103,"column":36},"end":{"line":103,"column":90}},"48":{"start":{"line":107,"column":28},"end":{"line":107,"column":49}},"49":{"start":{"line":109,"column":28},"end":{"line":109,"column":112}},"50":{"start":{"line":110,"column":28},"end":{"line":110,"column":98}},"51":{"start":{"line":112,"column":28},"end":{"line":112,"column":71}},"52":{"start":{"line":113,"column":28},"end":{"line":113,"column":91}},"53":{"start":{"line":121,"column":4},"end":{"line":127,"column":5}},"54":{"start":{"line":122,"column":8},"end":{"line":126,"column":10}},"55":{"start":{"line":129,"column":4},"end":{"line":154,"column":6}},"56":{"start":{"line":133,"column":35},"end":{"line":133,"column":113}},"57":{"start":{"line":133,"column":71},"end":{"line":133,"column":93}},"58":{"start":{"line":134,"column":16},"end":{"line":151,"column":18}},"59":{"start":{"line":145,"column":47},"end":{"line":145,"column":75}},"60":{"start":{"line":157,"column":15},"end":{"line":202,"column":2}}},"fnMap":{"0":{"name":"(anonymous_0)","decl":{"start":{"line":7,"column":17},"end":{"line":7,"column":18}},"loc":{"start":{"line":7,"column":23},"end":{"line":155,"column":1}},"line":7},"1":{"name":"(anonymous_1)","decl":{"start":{"line":15,"column":14},"end":{"line":15,"column":15}},"loc":{"start":{"line":15,"column":20},"end":{"line":77,"column":5}},"line":15},"2":{"name":"(anonymous_2)","decl":{"start":{"line":18,"column":38},"end":{"line":18,"column":39}},"loc":{"start":{"line":18,"column":50},"end":{"line":74,"column":9}},"line":18},"3":{"name":"(anonymous_3)","decl":{"start":{"line":25,"column":38},"end":{"line":25,"column":39}},"loc":{"start":{"line":25,"column":61},"end":{"line":28,"column":17}},"line":25},"4":{"name":"(anonymous_4)","decl":{"start":{"line":40,"column":55},"end":{"line":40,"column":56}},"loc":{"start":{"line":40,"column":63},"end":{"line":43,"column":13}},"line":40},"5":{"name":"(anonymous_5)","decl":{"start":{"line":47,"column":33},"end":{"line":47,"column":34}},"loc":{"start":{"line":47,"column":44},"end":{"line":70,"column":13}},"line":47},"6":{"name":"(anonymous_6)","decl":{"start":{"line":50,"column":40},"end":{"line":50,"column":41}},"loc":{"start":{"line":50,"column":50},"end":{"line":69,"column":17}},"line":50},"7":{"name":"(anonymous_7)","decl":{"start":{"line":79,"column":22},"end":{"line":79,"column":23}},"loc":{"start":{"line":79,"column":66},"end":{"line":119,"column":5}},"line":79},"8":{"name":"(anonymous_8)","decl":{"start":{"line":82,"column":98},"end":{"line":82,"column":99}},"loc":{"start":{"line":82,"column":110},"end":{"line":82,"column":127}},"line":82},"9":{"name":"(anonymous_9)","decl":{"start":{"line":87,"column":29},"end":{"line":87,"column":30}},"loc":{"start":{"line":87,"column":41},"end":{"line":115,"column":21}},"line":87},"10":{"name":"(anonymous_10)","decl":{"start":{"line":92,"column":45},"end":{"line":92,"column":46}},"loc":{"start":{"line":92,"column":63},"end":{"line":105,"column":29}},"line":92},"11":{"name":"(anonymous_11)","decl":{"start":{"line":96,"column":79},"end":{"line":96,"column":80}},"loc":{"start":{"line":96,"column":96},"end":{"line":101,"column":37}},"line":96},"12":{"name":"(anonymous_12)","decl":{"start":{"line":132,"column":48},"end":{"line":132,"column":49}},"loc":{"start":{"line":132,"column":78},"end":{"line":152,"column":13}},"line":132},"13":{"name":"(anonymous_13)","decl":{"start":{"line":133,"column":54},"end":{"line":133,"column":55}},"loc":{"start":{"line":133,"column":71},"end":{"line":133,"column":93}},"line":133},"14":{"name":"(anonymous_14)","decl":{"start":{"line":145,"column":41},"end":{"line":145,"column":42}},"loc":{"start":{"line":145,"column":47},"end":{"line":145,"column":75}},"line":145}},"branchMap":{"0":{"loc":{"start":{"line":16,"column":8},"end":{"line":16,"column":45}},"type":"if","locations":[{"start":{"line":16,"column":8},"end":{"line":16,"column":45}},{"start":{},"end":{}}],"line":16},"1":{"loc":{"start":{"line":16,"column":12},"end":{"line":16,"column":36}},"type":"binary-expr","locations":[{"start":{"line":16,"column":12},"end":{"line":16,"column":20}},{"start":{"line":16,"column":24},"end":{"line":16,"column":36}}],"line":16},"2":{"loc":{"start":{"line":27,"column":47},"end":{"line":27,"column":80}},"type":"binary-expr","locations":[{"start":{"line":27,"column":47},"end":{"line":27,"column":67}},{"start":{"line":27,"column":71},"end":{"line":27,"column":80}}],"line":27},"3":{"loc":{"start":{"line":51,"column":37},"end":{"line":51,"column":93}},"type":"cond-expr","locations":[{"start":{"line":51,"column":69},"end":{"line":51,"column":81}},{"start":{"line":51,"column":84},"end":{"line":51,"column":93}}],"line":51},"4":{"loc":{"start":{"line":54,"column":20},"end":{"line":68,"column":21}},"type":"if","locations":[{"start":{"line":54,"column":20},"end":{"line":68,"column":21}},{"start":{},"end":{}}],"line":54},"5":{"loc":{"start":{"line":55,"column":24},"end":{"line":67,"column":25}},"type":"if","locations":[{"start":{"line":55,"column":24},"end":{"line":67,"column":25}},{"start":{"line":61,"column":31},"end":{"line":67,"column":25}}],"line":55},"6":{"loc":{"start":{"line":59,"column":33},"end":{"line":59,"column":69}},"type":"binary-expr","locations":[{"start":{"line":59,"column":33},"end":{"line":59,"column":64}},{"start":{"line":59,"column":68},"end":{"line":59,"column":69}}],"line":59},"7":{"loc":{"start":{"line":61,"column":31},"end":{"line":67,"column":25}},"type":"if","locations":[{"start":{"line":61,"column":31},"end":{"line":67,"column":25}},{"start":{},"end":{}}],"line":61},"8":{"loc":{"start":{"line":65,"column":33},"end":{"line":65,"column":70}},"type":"binary-expr","locations":[{"start":{"line":65,"column":33},"end":{"line":65,"column":65}},{"start":{"line":65,"column":69},"end":{"line":65,"column":70}}],"line":65},"9":{"loc":{"start":{"line":82,"column":79},"end":{"line":82,"column":147}},"type":"binary-expr","locations":[{"start":{"line":82,"column":79},"end":{"line":82,"column":134}},{"start":{"line":82,"column":138},"end":{"line":82,"column":147}}],"line":82},"10":{"loc":{"start":{"line":93,"column":32},"end":{"line":104,"column":33}},"type":"if","locations":[{"start":{"line":93,"column":32},"end":{"line":104,"column":33}},{"start":{},"end":{}}],"line":93},"11":{"loc":{"start":{"line":97,"column":40},"end":{"line":99,"column":41}},"type":"if","locations":[{"start":{"line":97,"column":40},"end":{"line":99,"column":41}},{"start":{},"end":{}}],"line":97},"12":{"loc":{"start":{"line":97,"column":44},"end":{"line":97,"column":88}},"type":"binary-expr","locations":[{"start":{"line":97,"column":44},"end":{"line":97,"column":55}},{"start":{"line":97,"column":59},"end":{"line":97,"column":88}}],"line":97},"13":{"loc":{"start":{"line":121,"column":4},"end":{"line":127,"column":5}},"type":"if","locations":[{"start":{"line":121,"column":4},"end":{"line":127,"column":5}},{"start":{},"end":{}}],"line":121},"14":{"loc":{"start":{"line":121,"column":8},"end":{"line":121,"column":32}},"type":"binary-expr","locations":[{"start":{"line":121,"column":8},"end":{"line":121,"column":14}},{"start":{"line":121,"column":18},"end":{"line":121,"column":32}}],"line":121},"15":{"loc":{"start":{"line":133,"column":35},"end":{"line":133,"column":113}},"type":"binary-expr","locations":[{"start":{"line":133,"column":35},"end":{"line":133,"column":100}},{"start":{"line":133,"column":104},"end":{"line":133,"column":113}}],"line":133},"16":{"loc":{"start":{"line":137,"column":29},"end":{"line":139,"column":91}},"type":"cond-expr","locations":[{"start":{"line":138,"column":34},"end":{"line":138,"column":80}},{"start":{"line":139,"column":34},"end":{"line":139,"column":91}}],"line":137},"17":{"loc":{"start":{"line":142,"column":25},"end":{"line":149,"column":25}},"type":"binary-expr","locations":[{"start":{"line":142,"column":25},"end":{"line":142,"column":36}},{"start":{"line":142,"column":40},"end":{"line":142,"column":68}},{"start":{"line":143,"column":28},"end":{"line":148,"column":47}}],"line":142}},"s":{"0":0,"1":0,"2":0,"3":0,"4":0,"5":0,"6":0,"7":0,"8":0,"9":0,"10":0,"11":0,"12":0,"13":0,"14":0,"15":0,"16":0,"17":0,"18":0,"19":0,"20":0,"21":0,"22":0,"23":0,"24":0,"25":0,"26":0,"27":0,"28":0,"29":0,"30":0,"31":0,"32":0,"33":0,"34":0,"35":0,"36":0,"37":0,"38":0,"39":0,"40":0,"41":0,"42":0,"43":0,"44":0,"45":0,"46":0,"47":0,"48":0,"49":0,"50":0,"51":0,"52":0,"53":0,"54":0,"55":0,"56":0,"57":0,"58":0,"59":0,"60":0},"f":{"0":0,"1":0,"2":0,"3":0,"4":0,"5":0,"6":0,"7":0,"8":0,"9":0,"10":0,"11":0,"12":0,"13":0,"14":0},"b":{"0":[0,0],"1":[0,0],"2":[0,0],"3":[0,0],"4":[0,0],"5":[0,0],"6":[0,0],"7":[0,0],"8":[0,0],"9":[0,0],"10":[0,0],"11":[0,0],"12":[0,0],"13":[0,0],"14":[0,0],"15":[0,0],"16":[0,0],"17":[0,0,0]}}
}
