TN:
SF:app/index.tsx
FN:17,Index
FN:23,(anonymous_1)
FN:62,(anonymous_2)
FNF:3
FNH:2
FNDA:12,Index
FNDA:2,(anonymous_1)
FNDA:0,(anonymous_2)
DA:18,12
DA:19,12
DA:20,12
DA:21,12
DA:23,12
DA:24,2
DA:25,2
DA:26,2
DA:30,2
DA:34,12
DA:62,0
DA:72,2
LF:12
LH:11
BRDA:55,0,0,2
BRDA:55,0,1,10
BRF:2
BRH:2
end_of_record
TN:
SF:app/signup.tsx
FN:7,(anonymous_0)
FN:18,(anonymous_1)
FNF:2
FNH:2
FNDA:16,(anonymous_0)
FNDA:2,(anonymous_1)
DA:7,1
DA:8,16
DA:9,16
DA:10,16
DA:11,16
DA:12,16
DA:13,16
DA:14,16
DA:18,16
DA:19,2
DA:21,2
DA:22,1
DA:23,1
DA:24,1
DA:27,1
DA:28,1
DA:29,1
DA:30,1
DA:31,1
DA:33,1
DA:34,1
DA:35,1
DA:40,1
DA:45,1
DA:51,16
DA:104,1
LF:26
LH:26
BRDA:21,0,0,1
BRDA:21,0,1,1
BRDA:96,1,0,16
BRDA:96,1,1,1
BRDA:98,2,0,1
BRDA:98,2,1,15
BRDA:99,3,0,16
BRDA:99,3,1,1
BRF:8
BRH:8
end_of_record
